[    0.000000] Initializing cgroup subsys cpuset
[    0.000000] Initializing cgroup subsys cpu
[    0.000000] Initializing cgroup subsys cpuacct
[    0.000000] Linux version 4.4.0-210-generic (buildd@lgw01-amd64-009) (gcc version 5.4.0 20160609 (Ubuntu 5.4.0-6ubuntu1~16.04.12) ) #242-Ubuntu SMP Fri Apr 16 09:57:56 UTC 2021 (Ubuntu 4.4.0-210.242-generic 4.4.262)
[    0.000000] Command line: BOOT_IMAGE=/boot/vmlinuz-4.4.0-210-generic root=LABEL=cloudimg-rootfs ro console=tty1 console=ttyS0
[    0.000000] KERNEL supported cpus:
[    0.000000]   Intel GenuineIntel
[    0.000000]   AMD AuthenticAMD
[    0.000000]   Centaur CentaurHauls
[    0.000000] x86/fpu: xstate_offset[2]:  576, xstate_sizes[2]:  256
[    0.000000] x86/fpu: Supporting XSAVE feature 0x01: 'x87 floating point registers'
[    0.000000] x86/fpu: Supporting XSAVE feature 0x02: 'SSE registers'
[    0.000000] x86/fpu: Supporting XSAVE feature 0x04: 'AVX registers'
[    0.000000] x86/fpu: Enabled xstate features 0x7, context size is 832 bytes, using 'standard' format.
[    0.000000] e820: BIOS-provided physical RAM map:
[    0.000000] BIOS-e820: [mem 0x0000000000000000-0x000000000009fbff] usable
[    0.000000] BIOS-e820: [mem 0x000000000009fc00-0x000000000009ffff] reserved
[    0.000000] BIOS-e820: [mem 0x00000000000f0000-0x00000000000fffff] reserved
[    0.000000] BIOS-e820: [mem 0x0000000000100000-0x00000000707effff] usable
[    0.000000] BIOS-e820: [mem 0x00000000707f0000-0x00000000707fffff] ACPI data
[    0.000000] BIOS-e820: [mem 0x00000000fec00000-0x00000000fec00fff] reserved
[    0.000000] BIOS-e820: [mem 0x00000000fee00000-0x00000000fee00fff] reserved
[    0.000000] BIOS-e820: [mem 0x00000000fffc0000-0x00000000ffffffff] reserved
[    0.000000] NX (Execute Disable) protection: active
[    0.000000] SMBIOS 2.5 present.
[    0.000000] Hypervisor detected: KVM
[    0.000000] e820: last_pfn = 0x707f0 max_arch_pfn = 0x400000000
[    0.000000] MTRR: Disabled
[    0.000000] x86/PAT: MTRRs disabled, skipping PAT initialization too.
[    0.000000] CPU MTRRs all blank - virtualized system.
[    0.000000] x86/PAT: Configuration [0-7]: WB  WT  UC- UC  WB  WT  UC- UC  
[    0.000000] found SMP MP-table at [mem 0x0009fff0-0x0009ffff] mapped at [ffff88000009fff0]
[    0.000000] Scanning 1 areas for low memory corruption
[    0.000000] RAMDISK: [mem 0x362dc000-0x37165fff]
[    0.000000] ACPI: Early table checksum verification disabled
[    0.000000] ACPI: RSDP 0x00000000000E0000 000024 (v02 VBOX  )
[    0.000000] ACPI: XSDT 0x00000000707F0030 00003C (v01 VBOX   VBOXXSDT 00000001 ASL  00000061)
[    0.000000] ACPI: FACP 0x00000000707F00F0 0000F4 (v04 VBOX   VBOXFACP 00000001 ASL  00000061)
[    0.000000] ACPI: DSDT 0x00000000707F0470 002325 (v02 VBOX   VBOXBIOS 00000002 INTL 20190509)
[    0.000000] ACPI: FACS 0x00000000707F0200 000040
[    0.000000] ACPI: FACS 0x00000000707F0200 000040
[    0.000000] ACPI: APIC 0x00000000707F0240 00005C (v02 VBOX   VBOXAPIC 00000001 ASL  00000061)
[    0.000000] ACPI: SSDT 0x00000000707F02A0 0001CC (v01 VBOX   VBOXCPUT 00000002 INTL 20190509)
[    0.000000] No NUMA configuration found
[    0.000000] Faking a node at [mem 0x0000000000000000-0x00000000707effff]
[    0.000000] NODE_DATA(0) allocated [mem 0x707eb000-0x707effff]
[    0.000000] kvm-clock: Using msrs 4b564d01 and 4b564d00
[    0.000000] kvm-clock: cpu 0, msr 0:707e3001, primary cpu clock
[    0.000000] kvm-clock: using sched offset of 3352049773 cycles
[    0.000000] clocksource: kvm-clock: mask: 0xffffffffffffffff max_cycles: 0x1cd42e4dffb, max_idle_ns: 881590591483 ns
[    0.000000] Zone ranges:
[    0.000000]   DMA      [mem 0x0000000000001000-0x0000000000ffffff]
[    0.000000]   DMA32    [mem 0x0000000001000000-0x00000000707effff]
[    0.000000]   Normal   empty
[    0.000000]   Device   empty
[    0.000000] Movable zone start for each node
[    0.000000] Early memory node ranges
[    0.000000]   node   0: [mem 0x0000000000001000-0x000000000009efff]
[    0.000000]   node   0: [mem 0x0000000000100000-0x00000000707effff]
[    0.000000] Initmem setup node 0 [mem 0x0000000000001000-0x00000000707effff]
[    0.000000] ACPI: PM-Timer IO Port: 0x4008
[    0.000000] IOAPIC[0]: apic_id 2, version 32, address 0xfec00000, GSI 0-23
[    0.000000] ACPI: INT_SRC_OVR (bus 0 bus_irq 0 global_irq 2 dfl dfl)
[    0.000000] ACPI: INT_SRC_OVR (bus 0 bus_irq 9 global_irq 9 low level)
[    0.000000] Using ACPI (MADT) for SMP configuration information
[    0.000000] smpboot: Allowing 2 CPUs, 0 hotplug CPUs
[    0.000000] PM: Registered nosave memory: [mem 0x00000000-0x00000fff]
[    0.000000] PM: Registered nosave memory: [mem 0x0009f000-0x0009ffff]
[    0.000000] PM: Registered nosave memory: [mem 0x000a0000-0x000effff]
[    0.000000] PM: Registered nosave memory: [mem 0x000f0000-0x000fffff]
[    0.000000] e820: [mem 0x70800000-0xfebfffff] available for PCI devices
[    0.000000] Booting paravirtualized kernel on KVM
[    0.000000] clocksource: refined-jiffies: mask: 0xffffffff max_cycles: 0xffffffff, max_idle_ns: 7645519600211568 ns
[    0.000000] setup_percpu: NR_CPUS:512 nr_cpumask_bits:512 nr_cpu_ids:2 nr_node_ids:1
[    0.000000] PERCPU: Embedded 33 pages/cpu @ffff880070400000 s95192 r8192 d31784 u1048576
[    0.000000] Built 1 zonelists in Node order, mobility grouping on.  Total pages: 453464
[    0.000000] Policy zone: DMA32
[    0.000000] Kernel command line: BOOT_IMAGE=/boot/vmlinuz-4.4.0-210-generic root=LABEL=cloudimg-rootfs ro console=tty1 console=ttyS0
[    0.000000] PID hash table entries: 4096 (order: 3, 32768 bytes)
[    0.000000] Memory: 1778080K/1842744K available (8644K kernel code, 1332K rwdata, 4044K rodata, 1492K init, 1164K bss, 64664K reserved, 0K cma-reserved)
[    0.000000] SLUB: HWalign=64, Order=0-3, MinObjects=0, CPUs=2, Nodes=1
[    0.000000] Kernel/User page tables isolation: enabled
[    0.000000] Hierarchical RCU implementation.
[    0.000000] 	Build-time adjustment of leaf fanout to 64.
[    0.000000] 	RCU restricting CPUs from NR_CPUS=512 to nr_cpu_ids=2.
[    0.000000] RCU: Adjusting geometry for rcu_fanout_leaf=64, nr_cpu_ids=2
[    0.000000] NR_IRQS:33024 nr_irqs:440 16
[    0.000000] Console: colour VGA+ 80x25
[    0.000000] console [tty1] enabled
[    0.000000] console [ttyS0] enabled
[    0.000000] tsc: Detected 1991.998 MHz processor
[    0.109690] Calibrating delay loop (skipped) preset value.. 3983.99 BogoMIPS (lpj=7967992)
[    0.111273] pid_max: default: 32768 minimum: 301
[    0.112119] ACPI: Core revision 20150930
[    0.113732] ACPI: 2 ACPI AML tables successfully acquired and loaded
[    0.115063] Security Framework initialized
[    0.115798] Yama: becoming mindful.
[    0.116470] AppArmor: AppArmor initialized
[    0.117831] Dentry cache hash table entries: 262144 (order: 9, 2097152 bytes)
[    0.119295] Inode-cache hash table entries: 131072 (order: 8, 1048576 bytes)
[    0.121062] Mount-cache hash table entries: 4096 (order: 3, 32768 bytes)
[    0.122178] Mountpoint-cache hash table entries: 4096 (order: 3, 32768 bytes)
[    0.123452] Initializing cgroup subsys io
[    0.124158] Initializing cgroup subsys memory
[    0.124920] Initializing cgroup subsys devices
[    0.125717] Initializing cgroup subsys freezer
[    0.126506] Initializing cgroup subsys net_cls
[    0.127291] Initializing cgroup subsys perf_event
[    0.127971] Initializing cgroup subsys net_prio
[    0.128634] Initializing cgroup subsys hugetlb
[    0.129273] Initializing cgroup subsys pids
[    0.144195] mce: CPU supports 0 MCE banks
[    0.144968] Last level iTLB entries: 4KB 64, 2MB 8, 4MB 8
[    0.145770] Last level dTLB entries: 4KB 64, 2MB 0, 4MB 0, 1GB 4
[    0.146580] Spectre V1 : Mitigation: usercopy/swapgs barriers and __user pointer sanitization
[    0.147840] Spectre V2 : Mitigation: Full generic retpoline
[    0.148625] Spectre V2 : Spectre v2 / SpectreRSB mitigation: Filling RSB on context switch
[    0.150093] Speculative Store Bypass: Vulnerable
[    0.150947] SRBDS: Unknown: Dependent on hypervisor status
[    0.151858] MDS: Mitigation: Clear CPU buffers
[    0.154776] Freeing SMP alternatives memory: 36K
[    0.160356] ftrace: allocating 32380 entries in 127 pages
[    0.206713] smpboot: APIC(0) Converting physical 0 to logical package 0
[    0.207808] smpboot: Max logical packages: 1
[    0.208676] x2apic enabled
[    0.209408] Switched APIC routing to physical x2apic.
[    0.211104] ..TIMER: vector=0x30 apic1=0 pin1=2 apic2=-1 pin2=-1
[    0.320177] smpboot: CPU0: Intel(R) Core(TM) i7-8565U CPU @ 1.80GHz (family: 0x6, model: 0x8e, stepping: 0xb)
[    0.321748] Performance Events: unsupported p6 CPU model 142 no PMU driver, software events only.
[    0.330812] KVM setup paravirtual spinlock
[    0.332634] x86: Booting SMP configuration:
[    0.333328] .... node  #0, CPUs:      #1
[    0.334172] kvm-clock: cpu 1, msr 0:707e3041, secondary cpu clock
[    0.348009] mce: CPU supports 0 MCE banks
[    0.350629] x86: Booted up 1 node, 2 CPUs
[    0.351550] smpboot: Total of 2 processors activated (7967.99 BogoMIPS)
[    0.353023] devtmpfs: initialized
[    0.355193] evm: security.selinux
[    0.355742] evm: security.SMACK64
[    0.356318] evm: security.SMACK64EXEC
[    0.356924] evm: security.SMACK64TRANSMUTE
[    0.357568] evm: security.SMACK64MMAP
[    0.358257] evm: security.ima
[    0.358801] evm: security.capability
[    0.359591] clocksource: jiffies: mask: 0xffffffff max_cycles: 0xffffffff, max_idle_ns: 7645041785100000 ns
[    0.360943] futex hash table entries: 512 (order: 3, 32768 bytes)
[    0.361895] pinctrl core: initialized pinctrl subsystem
[    0.362805] RTC time:  8:51:42, date: 09/03/21
[    0.363942] NET: Registered protocol family 16
[    0.376437] cpuidle: using governor ladder
[    0.388672] cpuidle: using governor menu
[    0.389726] PCCT header not found.
[    0.390674] ACPI: bus type PCI registered
[    0.391718] acpiphp: ACPI Hot Plug PCI Controller Driver version: 0.5
[    0.393925] PCI: Using configuration type 1 for base access
[    0.409295] ACPI: Added _OSI(Module Device)
[    0.410226] ACPI: Added _OSI(Processor Device)
[    0.411188] ACPI: Added _OSI(3.0 _SCP Extensions)
[    0.412143] ACPI: Added _OSI(Processor Aggregator Device)
[    0.413948] ACPI: Executed 1 blocks of module-level executable AML code
[    0.417106] ACPI: Interpreter enabled
[    0.417951] ACPI: (supports S0 S5)
[    0.418724] ACPI: Using IOAPIC for interrupt routing
[    0.420032] PCI: Using host bridge windows from ACPI; if necessary, use "pci=nocrs" and report a bug
[    0.424413] ACPI: PCI Root Bridge [PCI0] (domain 0000 [bus 00-ff])
[    0.425461] acpi PNP0A03:00: _OSC: OS supports [ASPM ClockPM Segments MSI]
[    0.426954] acpi PNP0A03:00: _OSC: not requesting OS control; OS requires [ExtendedConfig ASPM ClockPM MSI]
[    0.428926] acpi PNP0A03:00: fail to add MMCONFIG information, can't access extended PCI configuration space under this bridge.
[    0.431228] PCI host bridge to bus 0000:00
[    0.432079] pci_bus 0000:00: root bus resource [io  0x0000-0x0cf7 window]
[    0.433286] pci_bus 0000:00: root bus resource [io  0x0d00-0xffff window]
[    0.434487] pci_bus 0000:00: root bus resource [mem 0x000a0000-0x000bffff window]
[    0.435904] pci_bus 0000:00: root bus resource [mem 0x70800000-0xfdffffff window]
[    0.437341] pci_bus 0000:00: root bus resource [bus 00-ff]
[    0.439613] pci 0000:00:01.1: legacy IDE quirk: reg 0x10: [io  0x01f0-0x01f7]
[    0.440823] pci 0000:00:01.1: legacy IDE quirk: reg 0x14: [io  0x03f6]
[    0.441968] pci 0000:00:01.1: legacy IDE quirk: reg 0x18: [io  0x0170-0x0177]
[    0.450442] pci 0000:00:01.1: legacy IDE quirk: reg 0x1c: [io  0x0376]
[    0.467824] pci 0000:00:07.0: quirk: [io  0x4000-0x403f] claimed by PIIX4 ACPI
[    0.469391] pci 0000:00:07.0: quirk: [io  0x4100-0x410f] claimed by PIIX4 SMB
[    0.480947] ACPI: PCI Interrupt Link [LNKA] (IRQs 5 9 10 *11)
[    0.482855] ACPI: PCI Interrupt Link [LNKB] (IRQs 5 9 *10 11)
[    0.484373] ACPI: PCI Interrupt Link [LNKC] (IRQs 5 *9 10 11)
[    0.486005] ACPI: PCI Interrupt Link [LNKD] (IRQs 5 9 10 *11)
[    0.487574] ACPI: Enabled 2 GPEs in block 00 to 07
[    0.488903] vgaarb: setting as boot device: PCI:0000:00:02.0
[    0.490064] vgaarb: device added: PCI:0000:00:02.0,decodes=io+mem,owns=io+mem,locks=none
[    0.491703] vgaarb: loaded
[    0.492417] vgaarb: bridge control possible 0000:00:02.0
[    0.493703] SCSI subsystem initialized
[    0.494799] ACPI: bus type USB registered
[    0.495656] usbcore: registered new interface driver usbfs
[    0.496702] usbcore: registered new interface driver hub
[    0.497899] usbcore: registered new device driver usb
[    0.499092] PCI: Using ACPI for IRQ routing
[    0.500305] NetLabel: Initializing
[    0.501048] NetLabel:  domain hash size = 128
[    0.501905] NetLabel:  protocols = UNLABELED CIPSOv4
[    0.502870] NetLabel:  unlabeled traffic allowed by default
[    0.504030] amd_nb: Cannot enumerate AMD northbridges
[    0.505076] clocksource: Switched to clocksource kvm-clock
[    0.513294] AppArmor: AppArmor Filesystem Enabled
[    0.514423] pnp: PnP ACPI init
[    0.516119] pnp: PnP ACPI: found 3 devices
[    0.525685] clocksource: acpi_pm: mask: 0xffffff max_cycles: 0xffffff, max_idle_ns: 2085701024 ns
[    0.527006] NET: Registered protocol family 2
[    0.527759] TCP established hash table entries: 16384 (order: 5, 131072 bytes)
[    0.528868] TCP bind hash table entries: 16384 (order: 6, 262144 bytes)
[    0.529711] TCP: Hash tables configured (established 16384 bind 16384)
[    0.530516] UDP hash table entries: 1024 (order: 3, 32768 bytes)
[    0.531301] UDP-Lite hash table entries: 1024 (order: 3, 32768 bytes)
[    0.532311] NET: Registered protocol family 1
[    0.532984] pci 0000:00:00.0: Limiting direct PCI/PCI transfers
[    0.533814] pci 0000:00:01.0: Activating ISA DMA hang workarounds
[    0.534748] Unpacking initramfs...
[    0.708331] Freeing initrd memory: 14888K
[    0.709283] clocksource: tsc: mask: 0xffffffffffffffff max_cycles: 0x396d4e5fc9d, max_idle_ns: 881590756024 ns
[    0.710795] platform rtc_cmos: registered platform RTC device (no PNP device found)
[    0.712229] Scanning for low memory corruption every 60 seconds
[    0.713868] audit: initializing netlink subsys (disabled)
[    0.714897] audit: type=2000 audit(1630659107.579:1): initialized
[    0.715957] Initialise system trusted keyring
[    0.717028] HugeTLB registered 2 MB page size, pre-allocated 0 pages
[    0.719040] zbud: loaded
[    0.719861] VFS: Disk quotas dquot_6.6.0
[    0.720494] VFS: Dquot-cache hash table entries: 512 (order 0, 4096 bytes)
[    0.721775] squashfs: version 4.0 (2009/01/31) Phillip Lougher
[    0.722913] fuse init (API version 7.23)
[    0.723603] Key type big_key registered
[    0.724316] Allocating IMA MOK and blacklist keyrings.
[    0.725899] Key type asymmetric registered
[    0.726623] Asymmetric key parser 'x509' registered
[    0.727394] Block layer SCSI generic (bsg) driver version 0.4 loaded (major 249)
[    0.728758] io scheduler noop registered
[    0.729385] io scheduler deadline registered (default)
[    0.730266] io scheduler cfq registered
[    0.730937] pci_hotplug: PCI Hot Plug PCI Core version: 0.5
[    0.731765] pciehp: PCI Express Hot Plug Controller Driver version: 0.4
[    0.732935] ACPI: AC Adapter [AC] (on-line)
[    0.733908] input: Power Button as /devices/LNXSYSTM:00/LNXPWRBN:00/input/input0
[    0.735092] ACPI: Power Button [PWRF]
[    0.735763] input: Sleep Button as /devices/LNXSYSTM:00/LNXSLPBN:00/input/input1
[    0.736849] ACPI: Sleep Button [SLPF]
[    0.738130] ACPI: Battery Slot [BAT0] (battery present)
[    0.738939] GHES: HEST is not enabled!
[    0.739729] Serial: 8250/16550 driver, 32 ports, IRQ sharing enabled
[    0.761098] 00:02: ttyS0 at I/O 0x3f8 (irq = 4, base_baud = 115200) is a 16550A
[    0.763203] Linux agpgart interface v0.103
[    0.765658] loop: module loaded
[    0.766684] scsi host0: ata_piix
[    0.767315] scsi host1: ata_piix
[    0.767841] ata1: PATA max UDMA/33 cmd 0x1f0 ctl 0x3f6 bmdma 0xd000 irq 14
[    0.768702] ata2: PATA max UDMA/33 cmd 0x170 ctl 0x376 bmdma 0xd008 irq 15
[    0.769666] libphy: Fixed MDIO Bus: probed
[    0.770281] tun: Universal TUN/TAP device driver, 1.6
[    0.770977] tun: (C) 1999-2004 Max Krasnyansky <maxk@qualcomm.com>
[    0.771839] PPP generic driver version 2.4.2
[    0.772525] ehci_hcd: USB 2.0 'Enhanced' Host Controller (EHCI) Driver
[    0.773402] ehci-pci: EHCI PCI platform driver
[    0.774117] ehci-platform: EHCI generic platform driver
[    0.774843] ohci_hcd: USB 1.1 'Open' Host Controller (OHCI) Driver
[    0.775687] ohci-pci: OHCI PCI platform driver
[    0.776416] ohci-platform: OHCI generic platform driver
[    0.777843] uhci_hcd: USB Universal Host Controller Interface driver
[    0.779695] i8042: PNP: PS/2 Controller [PNP0303:PS2K,PNP0f03:PS2M] at 0x60,0x64 irq 1,12
[    0.782011] serio: i8042 KBD port at 0x60,0x64 irq 1
[    0.782763] serio: i8042 AUX port at 0x60,0x64 irq 12
[    0.783582] mousedev: PS/2 mouse device common for all mice
[    0.784775] input: AT Translated Set 2 keyboard as /devices/platform/i8042/serio0/input/input2
[    0.786138] rtc_cmos rtc_cmos: rtc core: registered rtc_cmos as rtc0
[    0.787331] rtc_cmos rtc_cmos: alarms up to one day, 114 bytes nvram
[    0.788434] i2c /dev entries driver
[    0.789414] device-mapper: uevent: version 1.0.3
[    0.790581] device-mapper: ioctl: 4.34.0-ioctl (2015-10-28) initialised: dm-devel@redhat.com
[    0.791903] ledtrig-cpu: registered to indicate activity on CPUs
[    0.793180] NET: Registered protocol family 10
[    0.794042] NET: Registered protocol family 17
[    0.794780] Key type dns_resolver registered
[    0.795655] registered taskstats version 1
[    0.796376] Loading compiled-in X.509 certificates
[    0.797620] Loaded X.509 cert 'Build time autogenerated kernel key: cf00e047681d67edb2720680708b7d9498083038'
[    0.799127] zswap: loaded using pool lzo/zbud
[    0.801419] Key type trusted registered
[    0.804284] Key type encrypted registered
[    0.804977] AppArmor: AppArmor sha1 policy hashing enabled
[    0.805743] ima: No TPM chip found, activating TPM-bypass!
[    0.806705] ima: Allocated hash algorithm: sha1
[    0.807497] evm: HMAC attrs: 0x1
[    0.808379]   Magic number: 5:429:876
[    0.809684] rtc_cmos rtc_cmos: setting system clock to 2021-09-03 08:51:43 UTC (1630659103)
[    0.812744] BIOS EDD facility v0.16 2004-Jun-25, 0 devices found
[    0.813866] EDD information not available.
[    1.339267] Freeing unused kernel memory: 1492K
[    1.340068] Write protecting the kernel read-only data: 14336k
[    1.341301] Freeing unused kernel memory: 1584K
[    1.342182] Freeing unused kernel memory: 52K
Loading, please wait...
starting version 229
[    1.352429] random: systemd-udevd: uninitialized urandom read (16 bytes read, 3 bits of entropy available)
[    1.353248] random: udevadm: uninitialized urandom read (16 bytes read, 3 bits of entropy available)
[    1.353274] random: udevadm: uninitialized urandom read (16 bytes read, 3 bits of entropy available)
[    1.356006] random: systemd-udevd: uninitialized urandom read (16 bytes read, 3 bits of entropy available)
[    1.357502] random: systemd-udevd: uninitialized urandom read (16 bytes read, 3 bits of entropy available)
[    1.358780] random: systemd-udevd: uninitialized urandom read (16 bytes read, 3 bits of entropy available)
[    1.360550] random: systemd-udevd: uninitialized urandom read (16 bytes read, 3 bits of entropy available)
[    1.361818] random: systemd-udevd: uninitialized urandom read (16 bytes read, 3 bits of entropy available)
[    1.362005] random: udevadm: uninitialized urandom read (16 bytes read, 3 bits of entropy available)
[    1.362056] random: udevadm: uninitialized urandom read (16 bytes read, 3 bits of entropy available)
[    1.406981] e1000: Intel(R) PRO/1000 Network Driver - version 7.3.21-k8-NAPI
[    1.407988] e1000: Copyright (c) 1999-2006 Intel Corporation.
[    1.413077] Fusion MPT base driver 3.04.20
[    1.414123] Copyright (c) 1999-2008 LSI Corporation
[    1.441120] AVX2 version of gcm_enc/dec engaged.
[    1.441852] AES CTR mode by8 optimization enabled
[    1.442602] Fusion MPT SPI Host driver 3.04.20
[    1.631616] input: ImExPS/2 Generic Explorer Mouse as /devices/platform/i8042/serio1/input/input4
[    1.776857] e1000 0000:00:03.0 eth0: (PCI:33MHz:32-bit) 02:a0:46:b5:71:eb
[    1.778156] e1000 0000:00:03.0 eth0: Intel(R) PRO/1000 Network Connection
[    2.112137] e1000 0000:00:08.0 eth1: (PCI:33MHz:32-bit) 08:00:27:f1:e2:47
[    2.113363] e1000 0000:00:08.0 eth1: Intel(R) PRO/1000 Network Connection
[    2.115667] e1000 0000:00:03.0 enp0s3: renamed from eth0
[    2.116819] mptbase: ioc0: Initiating bringup
[    2.125481] e1000 0000:00:08.0 enp0s8: renamed from eth1
[    2.638510] ioc0: LSI53C1030 A0: Capabilities={Initiator}
[    4.457795] scsi host2: ioc0: LSI53C1030 A0, FwRev=00000000h, Ports=1, MaxQ=256, IRQ=20
[    5.718093] scsi 2:0:0:0: Direct-Access     VBOX     HARDDISK         1.0  PQ: 0 ANSI: 5
[    5.723703] scsi target2:0:0: Beginning Domain Validation
[    5.729550] scsi target2:0:0: Domain Validation skipping write tests
[    5.731772] scsi target2:0:0: Ending Domain Validation
[    5.733938] scsi target2:0:0: asynchronous
[    5.735955] scsi 2:0:1:0: Direct-Access     VBOX     HARDDISK         1.0  PQ: 0 ANSI: 5
[    5.749827] scsi target2:0:1: Beginning Domain Validation
[    5.751675] scsi target2:0:1: Domain Validation skipping write tests
[    5.752896] scsi target2:0:1: Ending Domain Validation
[    5.753998] scsi target2:0:1: asynchronous
[    5.758614] sd 2:0:0:0: Attached scsi generic sg0 type 0
[    5.759714] sd 2:0:0:0: [sda] 83886080 512-byte logical blocks: (42.9 GB/40.0 GiB)
[    5.761320] sd 2:0:1:0: Attached scsi generic sg1 type 0
[    5.761831] sd 2:0:1:0: [sdb] 20480 512-byte logical blocks: (10.5 MB/10.0 MiB)
[    5.761846] sd 2:0:0:0: [sda] Write Protect is off
[    5.761943] sd 2:0:1:0: [sdb] Write Protect is off
[    5.761978] sd 2:0:0:0: [sda] Incomplete mode parameter data
[    5.761995] sd 2:0:0:0: [sda] Assuming drive cache: write through
[    5.762038] sd 2:0:1:0: [sdb] Incomplete mode parameter data
[    5.762039] sd 2:0:1:0: [sdb] Assuming drive cache: write through
[    5.766039]  sda: sda1
[    5.766642] sd 2:0:0:0: [sda] Attached SCSI disk
[    5.784771] sd 2:0:1:0: [sdb] Attached SCSI disk
Begin: Loading essential drivers ... [    7.035425] md: linear personality registered for level -1
[    7.039273] md: multipath personality registered for level -4
[    7.042826] md: raid0 personality registered for level 0
[    7.047690] md: raid1 personality registered for level 1
[    7.121054] raid6: sse2x1   gen() 11801 MB/s
[    7.200874] raid6: sse2x1   xor() 10812 MB/s
[    7.280895] raid6: sse2x2   gen() 15750 MB/s
[    7.360840] raid6: sse2x2   xor() 10592 MB/s
[    7.440850] raid6: sse2x4   gen() 18826 MB/s
[    7.524754] raid6: sse2x4   xor() 14515 MB/s
[    7.593125] raid6: avx2x1   gen() 20521 MB/s
[    7.676706] raid6: avx2x2   gen() 29833 MB/s
[    7.749025] raid6: avx2x4   gen() 30947 MB/s
[    7.749764] raid6: using algorithm avx2x4 gen() 30947 MB/s
[    7.750636] raid6: using avx2x2 recovery algorithm
[    7.752703] xor: automatically using best checksumming function:
[    7.793122]    avx       : 23306.000 MB/sec
[    7.794732] async_tx: api initialized (async)
[    7.805858] md: raid6 personality registered for level 6
[    7.806846] md: raid5 personality registered for level 5
[    7.807564] md: raid4 personality registered for level 4
[    7.813500] md: raid10 personality registered for level 10
done.
Begin: Running /scripts/init-premount ... done.
Begin: Mounting root file system ... Begin: Running /scripts/local-top ... done.
Begin: Running /scripts/local-premount ... [    7.838442] Btrfs loaded
Scanning for Btrfs filesystems
done.
Warning: fsck not present, so skipping root file system
[    7.934580] EXT4-fs (sda1): mounted filesystem with ordered data mode. Opts: (null)
done.
Begin: Running /scripts/local-bottom ... done.
Begin: Running /scripts/init-bottom ... done.
[    8.532125] systemd[1]: systemd 229 running in system mode. (+PAM +AUDIT +SELINUX +IMA +APPARMOR +SMACK +SYSVINIT +UTMP +LIBCRYPTSETUP +GCRYPT +GNUTLS +ACL +XZ -LZ4 +SECCOMP +BLKID +ELFUTILS +KMOD -IDN)
[    8.535945] systemd[1]: Detected virtualization oracle.
[    8.537104] systemd[1]: Detected architecture x86-64.

Welcome to [1mUbuntu 16.04.7 LTS[0m!

[    8.569577] systemd[1]: Set hostname to <ubuntu>.
[    8.594178] systemd[1]: Initializing machine ID from random generator.
[    8.595118] systemd[1]: Installed transient /etc/machine-id file.
[    8.938974] random: nonblocking pool is initialized
[    9.429342] systemd[1]: Started Forward Password Requests to Wall Directory Watch.
[[0;32m  OK  [0m] Started Forward Password Requests to Wall Directory Watch.
[    9.431284] systemd[1]: Reached target User and Group Name Lookups.
[[0;32m  OK  [0m] Reached target User and Group Name Lookups.
[    9.432792] systemd[1]: Listening on LVM2 poll daemon socket.
[[0;32m  OK  [0m] Listening on LVM2 poll daemon socket.
[    9.434344] systemd[1]: Listening on Device-mapper event daemon FIFOs.
[[0;32m  OK  [0m] Listening on Device-mapper event daemon FIFOs.
[    9.437267] systemd[1]: Created slice System Slice.
[[0;32m  OK  [0m] Created slice System Slice.
[    9.445342] systemd[1]: Set up automount Arbitrary Executable File Formats File System Automount Point.
[[0;32m  OK  [0m] Set up automount Arbitrary Executab...ats File System Automount Point.
[    9.447568] systemd[1]: Reached target Encrypted Volumes.
[[0;32m  OK  [0m] Reached target Encrypted Volumes.
[    9.449084] systemd[1]: Reached target System Time Synchronized.
[[0;32m  OK  [0m] Reached target System Time Synchronized.
[    9.450824] systemd[1]: Started Trigger resolvconf update for networkd DNS.
[[0;32m  OK  [0m] Started Trigger resolvconf update for networkd DNS.
[    9.452774] systemd[1]: Listening on LVM2 metadata daemon socket.
[[0;32m  OK  [0m] Listening on LVM2 metadata daemon socket.
[    9.454408] systemd[1]: Listening on Syslog Socket.
[[0;32m  OK  [0m] Listening on Syslog Socket.
[    9.455867] systemd[1]: Listening on Journal Socket.
[[0;32m  OK  [0m] Listening on Journal Socket.
[    9.469244] systemd[1]: Mounting Debug File System...
         Mounting Debug File System...
[    9.471109] systemd[1]: Starting Set console keymap...
         Starting Set console keymap...
[    9.472964] systemd[1]: Mounting POSIX Message Queue File System...
         Mounting POSIX Message Queue File System...
[    9.475185] systemd[1]: Mounting Huge Pages File System...
         Mounting Huge Pages File System...
[    9.482376] systemd[1]: Starting Nameserver information manager...
         Starting Nameserver information manager...
[    9.485161] systemd[1]: Listening on Journal Socket (/dev/log).
[[0;32m  OK  [0m] Listening on Journal Socket (/dev/log).
[    9.487335] systemd[1]: Starting Create list of required static device nodes for the current kernel...
         Starting Create list of required st... nodes for the current kernel...
[    9.489682] systemd[1]: Listening on Journal Audit Socket.
[[0;32m  OK  [0m] Listening on Journal Audit Socket.
[    9.491667] systemd[1]: Starting Uncomplicated firewall...
         Starting Uncomplicated firewall...
[    9.493333] systemd[1]: Created slice User and Session Slice.
[[0;32m  OK  [0m] Created slice User and Session Slice.
[    9.494710] systemd[1]: Reached target Slices.
[[0;32m  OK  [0m] Reached target Slices.
[    9.617441] systemd[1]: Starting Journal Service...
         Starting Journal Service...
[    9.619218] systemd[1]: Listening on udev Kernel Socket.
[[0;32m  OK  [0m] Listening on udev Kernel Socket.
[    9.620555] systemd[1]: Listening on udev Control Socket.
[[0;32m  OK  [0m] Listening on udev Control Socket.
[    9.622122] systemd[1]: Listening on /dev/initctl Compatibility Named Pipe.
[[0;32m  OK  [0m] Listening on /dev/initctl Compatibility Named Pipe.
[    9.623875] systemd[1]: Reached target Swap.
[[0;32m  OK  [0m] Reached target Swap.
[    9.625105] systemd[1]: Listening on fsck to fsckd communication Socket.
[[0;32m  OK  [0m] Listening on fsck to fsckd communication Socket.
[    9.627455] systemd[1]: Starting File System Check on Root Device...
         Starting File System Check on Root Device...
[    9.629308] systemd[1]: Created slice system-serial\x2dgetty.slice.
[[0;32m  OK  [0m] Created slice system-serial\x2dgetty.slice.
[    9.697524] systemd[1]: Starting Load Kernel Modules...
         Starting Load Kernel Modules...
[    9.702103] systemd[1]: Starting Monitoring of LVM2 mirrors, snapshots etc. using dmeventd or progress polling...
         Starting Monitoring of LVM2 mirrors... dmeventd or progress polling...
[    9.709888] systemd[1]: Mounted POSIX Message Queue File System.
[[0;32m  OK  [0m] Mounted POSIX Message Queue File System.
[    9.712615] systemd[1]: Mounted Huge Pages File System.
[[0;32m  OK  [0m] Mounted Huge Pages File System.
[    9.714779] systemd[1]: Mounted Debug File System.
[[0;32m  OK  [0m] Mounted Debug File System.
[    9.718368] systemd[1]: Started Create list of required static device nodes for the current kernel.
[[0;32m  OK  [0m] Started Create list of required sta...ce nodes for the current kernel.
[    9.721675] systemd[1]: Started Uncomplicated firewall.
[[0;32m  OK  [0m] Started Uncomplicated firewall.
[    9.724065] systemd[1]: Started File System Check Daemon to report status.
[[0;32m  OK  [0m] Started File System Check Daemon to report status.
[    9.726843] systemd[1]: Starting Create Static Device Nodes in /dev...
         Starting Create Static Device Nodes in /dev...
[    9.753304] systemd[1]: Started Nameserver information manager.
[[0;32m  OK  [0m] Started Nameserver information manager.
[    9.762753] systemd[1]: Started Set console keymap.
[[0;32m  OK  [0m] Started Set console keymap.
[    9.816142] Loading iSCSI transport class v2.0-870.
[    9.875527] systemd[1]: Started Journal Service.
[[0;32m  OK  [0m] Started Journal Service.
[    9.952325] iscsi: registered transport (tcp)
[[0;32m  OK  [0m] Started File System Check on Root Device.
         Starting Remount Root and Kernel File Systems...
[   10.071874] EXT4-fs (sda1): re-mounted. Opts: (null)
[[0;32m  OK  [0m] Started Remount Root and Kernel File Systems.
         Starting Flush Journal to Persistent Storage...
         Starting Load/Save Random Seed...
         Starting udev Coldplug all Devices...
[[0;32m  OK  [0m] Started LVM2 metadata daemon.
[[0;32m  OK  [0m] Started Load/Save Random Seed.
[   10.195470] iscsi: registered transport (iser)
[[0;32m  OK  [0m] Started Load Kernel Modules.
         Starting Apply Kernel Variables...
         Mounting FUSE Control File System...
[   10.217067] systemd-journald[387]: Received request to flush runtime journal from PID 1
[[0;32m  OK  [0m] Mounted FUSE Control File System.
[[0;32m  OK  [0m] Started Flush Journal to Persistent Storage.
[[0;32m  OK  [0m] Started udev Coldplug all Devices.
[[0;32m  OK  [0m] Started Create Static Device Nodes in /dev.
[[0;32m  OK  [0m] Started Apply Kernel Variables.
         Starting udev Kernel Device Manager...
[[0;32m  OK  [0m] Started udev Kernel Device Manager.
[[0;32m  OK  [0m] Started Dispatch Password Requests to Console Directory Watch.
[[0;32m  OK  [0m] Found device /dev/ttyS0.
[[0;32m  OK  [0m] Listening on Load/Save RF Kill Switch Status /dev/rfkill Watch.
[[0;32m  OK  [0m] Started Monitoring of LVM2 mirrors,...ng dmeventd or progress polling.
[[0;32m  OK  [0m] Reached target Local File Systems (Pre).
[[0;32m  OK  [0m] Reached target Local File Systems.
         Starting Tell Plymouth To Write Out Runtime Data...
         Starting Commit a transient machine-id on disk...
         Starting Create Volatile Files and Directories...
         Starting Set console font and keymap...
         Starting Initial cloud-init job (pre-networking)...
         Starting LSB: AppArmor initialization...
[[0;32m  OK  [0m] Started Tell Plymouth To Write Out Runtime Data.
[[0;32m  OK  [0m] Started Commit a transient machine-id on disk.
[[0;32m  OK  [0m] Started Create Volatile Files and Directories.
         Starting Update UTMP about System Boot/Shutdown...
[[0;32m  OK  [0m] Started Update UTMP about System Boot/Shutdown.
[[0;32m  OK  [0m] Started Set console font and keymap.
[[0;32m  OK  [0m] Created slice system-getty.slice.
[[0;32m  OK  [0m] Started LSB: AppArmor initialization.
         Starting Load AppArmor profiles managed internally by snapd...
[[0;32m  OK  [0m] Started Load AppArmor profiles managed internally by snapd.
[   12.840431] cloud-init[605]: Cloud-init v. 21.1-19-gbad84ad4-0ubuntu1~16.04.2 running 'init-local' at Fri, 03 Sep 2021 08:51:55 +0000. Up 12.53 seconds.
[[0;32m  OK  [0m] Started Initial cloud-init job (pre-networking).
[[0;32m  OK  [0m] Reached target Network (Pre).
         Starting Raise network interfaces...
[[0;32m  OK  [0m] Started Raise network interfaces.
[[0;32m  OK  [0m] Reached target Network.
         Starting Initial cloud-init job (metadata service crawler)...
[   14.121306] cloud-init[964]: Cloud-init v. 21.1-19-gbad84ad4-0ubuntu1~16.04.2 running 'init' at Fri, 03 Sep 2021 08:51:56 +0000. Up 13.34 seconds.
[   14.122832] cloud-init[964]: ci-info: ++++++++++++++++++++++++++++++++++++++Net device info+++++++++++++++++++++++++++++++++++++++
[   14.124436] cloud-init[964]: ci-info: +--------+-------+----------------------------+---------------+--------+-------------------+
[   14.125715] cloud-init[964]: ci-info: | Device |   Up  |          Address           |      Mask     | Scope  |     Hw-Address    |
[   14.126875] cloud-init[964]: ci-info: +--------+-------+----------------------------+---------------+--------+-------------------+
[   14.128219] cloud-init[964]: ci-info: | enp0s3 |  True |         10.0.2.15          | 255.255.255.0 | global | 02:a0:46:b5:71:eb |
[   14.129487] cloud-init[964]: ci-info: | enp0s3 |  True | fe80::a0:46ff:feb5:71eb/64 |       .       |  link  | 02:a0:46:b5:71:eb |
[   14.130747] cloud-init[964]: ci-info: | enp0s8 | False |             .              |       .       |   .    | 08:00:27:f1:e2:47 |
[   14.132158] cloud-init[964]: ci-info: |   lo   |  True |         127.0.0.1          |   255.0.0.0   |  host  |         .         |
[   14.133467] cloud-init[964]: ci-info: |   lo   |  True |          ::1/128           |       .       |  host  |         .         |
[   14.134804] cloud-init[964]: ci-info: +--------+-------+----------------------------+---------------+--------+-------------------+
[   14.136021] cloud-init[964]: ci-info: +++++++++++++++++++++++++++Route IPv4 info++++++++++++++++++++++++++++
[   14.137168] cloud-init[964]: ci-info: +-------+-------------+----------+---------------+-----------+-------+
[   14.138318] cloud-init[964]: ci-info: | Route | Destination | Gateway  |    Genmask    | Interface | Flags |
[   14.139485] cloud-init[964]: ci-info: +-------+-------------+----------+---------------+-----------+-------+
[   14.140645] cloud-init[964]: ci-info: |   0   |   0.0.0.0   | 10.0.2.2 |    0.0.0.0    |   enp0s3  |   UG  |
[   14.142138] cloud-init[964]: ci-info: |   1   |   10.0.2.0  | 0.0.0.0  | 255.255.255.0 |   enp0s3  |   U   |
[   14.143810] cloud-init[964]: ci-info: +-------+-------------+----------+---------------+-----------+-------+
[   14.145400] cloud-init[964]: ci-info: +++++++++++++++++++Route IPv6 info+++++++++++++++++++
[   14.146361] cloud-init[964]: ci-info: +-------+-------------+---------+-----------+-------+
[   14.147382] cloud-init[964]: ci-info: | Route | Destination | Gateway | Interface | Flags |
[   14.148408] cloud-init[964]: ci-info: +-------+-------------+---------+-----------+-------+
[   14.149458] cloud-init[964]: ci-info: |   0   |  fe80::/64  |    ::   |   enp0s3  |   U   |
[   14.150570] cloud-init[964]: ci-info: |   3   |   ff00::/8  |    ::   |   enp0s3  |   U   |
[   14.151503] cloud-init[964]: ci-info: +-------+-------------+---------+-----------+-------+
[   14.152394] cloud-init[964]: Generating public/private rsa key pair.
[   14.153282] cloud-init[964]: Your identification has been saved in /etc/ssh/ssh_host_rsa_key.
[   14.154298] cloud-init[964]: Your public key has been saved in /etc/ssh/ssh_host_rsa_key.pub.
[   14.155381] cloud-init[964]: The key fingerprint is:
[   14.156201] cloud-init[964]: SHA256:SUMuxz6oyyxlvKRAUjx4Qda9Khb7shVO9CKdnWXMBU8 root@ubuntu-xenial
[   14.157256] cloud-init[964]: The key's randomart image is:
[   14.158003] cloud-init[964]: +---[RSA 2048]----+
[   14.158716] cloud-init[964]: | ++o .  o.E      |
[   14.159416] cloud-init[964]: |..= . .* +       |
[   14.160242] cloud-init[964]: | o .. ..@ .      |
[[0;32m  OK  [0m] Started Initial cloud-init job (metadata service crawler).
[[0;32m  OK  [0m] Reached target System Initialization.
[[0;32m  OK  [0m] Started Message of the Day.
[[0;32m  OK  [0m] Listening on UUID daemon activation socket.[   14.161235] cloud-init[964]: |...o +.X o       |
[   14.164328] cloud-init[964]: |o .+*.= S        |
[   14.164641] cloud-init[964]: |. ++*+   .       |
[   14.164874] cloud-init[964]: | o B+.           |
[   14.165161] cloud-init[964]: |  ++o.           |
[   14.165446] cloud-init[964]: |  .++            |
[   14.165690] cloud-init[964]: +----[SHA256]-----+
[   14.165920] cloud-init[964]: Generating public/private dsa key pair.
[   14.166231] cloud-init[964]: Your identification has been saved in /etc/ssh/ssh_host_dsa_key.
[   14.166530] cloud-init[964]: Your public key has been saved in /etc/ssh/ssh_host_dsa_key.pub.
[   14.166820] cloud-init[964]: The key fingerprint is:
[   14.167050] cloud-init[964]: SHA256:TCrsp1GNiQj5N7qjAJoG04cTTtgim4DdAaDC78SHx8Q root@ubuntu-xenial
[   14.167346] cloud-init[964]: The key's randomart image is:
[   14.167658] cloud-init[964]: +---[DSA 1024]----+
[   14.167948] cloud-init[964]: |.....            |
[   14.168430] cloud-init[964]: |+= ...           |
[   14.168710] cloud-init[964]: |@.= .E  .        |
[   14.169000] cloud-init[964]: |+Xo=+. B         |
[   14.169262] cloud-init[964]: |* B=B+= S        |
[   14.169524] cloud-init[964]: |+oo*o+           |
[   14.169815] cloud-init[964]: |+...o .          |
[   14.170086] cloud-init[964]: |o .. +           |
[   14.170362] cloud-init[964]: |.....            |
[   14.170650] cloud-init[964]: +----[SHA256]-----+
[   14.170932] cloud-init[964]: Generating public/private ecdsa key pair.
[   14.171230] cloud-init[964]: Your identification has been saved in /etc/ssh/ssh_host_ecdsa_key.
[   14.171511] cloud-init[964]: Your public key has been saved in /etc/ssh/ssh_host_ecdsa_key.pub.
[   14.171814] cloud-init[964]: The key fingerprint is:
[   14.172013] cloud-init[964]: SHA256:09R3N6hMyZeEj21GVfCMh/sIPrzKZ7UjdtyrqsbMZdE root@ubuntu-xenial
[   14.172300] cloud-init[964]: The key's randomart image is:
[   14.172572] cloud-init[964]: +---[ECDSA 256]---+
[   14.172853] cloud-init[964]: |            ..ooo|
[   14.173122] cloud-init[964]: |          .oo.o= |
[   14.173396] cloud-init[964]: |          .+B++.*|
[   14.173684] cloud-init[964]: |         ooooE +o|
[   14.173969] cloud-init[964]: |        S .o= .  |
[   14.174245] cloud-init[964]: |         . = ..o |
[   14.174524] cloud-init[964]: |        + o +o.o.|
[   14.174825] cloud-init[964]: |         *  =o= .|
[   14.175045] cloud-init[964]: |        ..+*o+.o.|
[   14.175329] cloud-init[964]: +----[SHA256]-----+
[   14.175627] cloud-init[964]: Generating public/private ed25519 key pair.
[   14.175943] cloud-init[964]: Your identification has been saved in /etc/ssh/ssh_host_ed25519_key.
[   14.176137] cloud-init[964]: Your public key has been saved in /etc/ssh/ssh_host_ed25519_key.pub.
[   14.176428] cloud-init[964]: The key fingerprint is:
[   14.176737] cloud-init[964]: SHA256:DS6ZkX7OhGFWyptvSk2Tx20SKuhmR66uHv5H6dqnGWI root@ubuntu-xenial
[   14.177045] cloud-init[964]: The key's randomart image is:
[   14.177352] cloud-init[964]: +--[ED25519 256]--+
[   14.177671] cloud-init[964]: |        .        |
[   14.177992] cloud-init[964]: |     . +         |
[   14.178307] cloud-init[964]: |      O . .      |
[   14.178619] cloud-init[964]: |     = X * o     |
[   14.178922] cloud-init[964]: |    . @.S = o    |
[   14.179252] cloud-init[964]: |   . oo@ o o     |
[   14.179549] cloud-init[964]: |  . Eo= *        |
[   14.180124] cloud-init[964]: | . = *o=.        |
[   14.180485] cloud-init[964]: | .++=o=o         |
[   14.180907] cloud-init[964]: +----[SHA256]-----+

[[0;32m  OK  [0m] Listening on D-Bus System Message Bus Socket.
[[0;32m  OK  [0m] Listening on ACPID Listen Socket.
[[0;32m  OK  [0m] Started ACPI Events Check.
[[0;32m  OK  [0m] Reached target Paths.
[[0;32m  OK  [0m] Started Daily Cleanup of Temporary Directories.
[[0;32m  OK  [0m] Started Ubuntu Advantage update messaging.
         Starting Socket activation for snappy daemon.
[[0;32m  OK  [0m] Started Daily apt download activities.
[[0;32m  OK  [0m] Started Daily apt upgrade and clean activities.
[[0;32m  OK  [0m] Reached target Timers.
         Starting LXD - unix socket.
[[0;32m  OK  [0m] Reached target Network is Online.
         Starting iSCSI initiator daemon (iscsid)...
[[0;32m  OK  [0m] Reached target Cloud-config availability.
[[0;32m  OK  [0m] Listening on Socket activation for snappy daemon.
[[0;32m  OK  [0m] Listening on LXD - unix socket.
[[0;32m  OK  [0m] Reached target Sockets.
[[0;32m  OK  [0m] Reached target Basic System.
         Starting Login Service...
[[0;32m  OK  [0m] Started Regular background program processing daemon.
         Starting Pollinate to seed the pseudo random number generator...
         Starting System Logging Service...
         Starting LXD - container startup/shutdown...
         Starting LSB: MD monitoring daemon...
         Starting /etc/rc.local Compatibility...
[[0;32m  OK  [0m] Started Deferred execution scheduler.
         Starting Accounts Service...
[[0;32m  OK  [0m] Started D-Bus System Message Bus.
[[0;32m  OK  [0m] Started ACPI event daemon.
         Starting Virtualbox guest utils...
         Starting LSB: Record successful boot for GRUB...
[[0;32m  OK  [0m] Started FUSE filesystem for LXC.
         Starting Snap Daemon...
[[0;32m  OK  [0m] Started System Logging Service.
[[0;32m  OK  [0m] Started /etc/rc.local Compatibility.
[[0;32m  OK  [0m] Started Login Service.
[[0;32m  OK  [0m] Started Unattended Upgrades Shutdown.
[[0;32m  OK  [0m] Started iSCSI initiator daemon (iscsid).
         Starting Login to default iSCSI targets...
         Starting Authenticate and Authorize Users to Run Privileged Tasks...
[[0;32m  OK  [0m] Started LSB: Record successful boot for GRUB.
[[0;32m  OK  [0m] Started LSB: MD monitoring daemon.
[[0;32m  OK  [0m] Started Login to default iSCSI targets.
[[0;32m  OK  [0m] Reached target Remote File Systems (Pre).
[[0;32m  OK  [0m] Reached target Remote File Systems.
         Starting LSB: Set the CPU Frequency Scaling governor to "ondemand"...
         Starting Permit User Sessions...
         Starting LSB: daemon to balance interrupts for SMP systems...
         Starting LSB: automatic crash report generation...
[[0;32m  OK  [0m] Started LSB: Set the CPU Frequency Scaling governor to "ondemand".
[[0;32m  OK  [0m] Started LSB: automatic crash report generation.
[[0;32m  OK  [0m] Started LSB: daemon to balance interrupts for SMP systems.
[[0;32m  OK  [0m] Started Authenticate and Authorize Users to Run Privileged Tasks.
[[0;32m  OK  [0m] Started Accounts Service.
[[0;32m  OK  [0m] Started Permit User Sessions.
         Starting Hold until boot process finishes up...
         Starting Terminate Plymouth Boot Screen...
[[0;32m  OK  [0m] Started Hold until boot process finishes up.
[[0;32m  OK  [0m] Started Serial Getty on ttyS0.
[[0;32m  OK  [0m] Started Getty on tty1.
[[0;32m  OK  [0m] Reached target Login Prompts.
         Starting Set console scheme...
[[0;32m  OK  [0m] Started Terminate Plymouth Boot Screen.
[[0;32m  OK  [0m] Started Set console scheme.
[[0;32m  OK  [0m] Started Virtualbox guest utils.
[[0;32m  OK  [0m] Started LXD - container startup/shutdown.
[[0;32m  OK  [0m] Started Snap Daemon.
         Starting Wait until snapd is fully seeded...
[[0;32m  OK  [0m] Started Pollinate to seed the pseudo random number generator.
         Starting OpenBSD Secure Shell server...
[[0;32m  OK  [0m] Started OpenBSD Secure Shell server.
[[0;32m  OK  [0m] Created slice User Slice of vagrant.
         Starting User Manager for UID 1000...
[[0;32m  OK  [0m] Started Session 1 of user vagrant.
[[0;32m  OK  [0m] Started User Manager for UID 1000.
[[0;32m  OK  [0m] Started Wait until snapd is fully seeded.
         Starting Apply the settings specified in cloud-config...
[[0;32m  OK  [0m] Reached target Multi-User System.
[[0;32m  OK  [0m] Reached target Graphical Interface.
         Starting Update UTMP about System Runlevel Changes...
[[0;32m  OK  [0m] Started Update UTMP about System Runlevel Changes.
[   21.059607] cloud-init[1369]: Generating locales (this might take a while)...

Ubuntu 16.04.7 LTS ubuntu-xenial ttyS0

ubuntu-xenial login: [   22.931500] cloud-init[1369]:   en_US.UTF-8... done
[   22.935337] cloud-init[1369]: Generation complete.
[   24.670203] cloud-init[1369]: Cloud-init v. 21.1-19-gbad84ad4-0ubuntu1~16.04.2 running 'modules:config' at Fri, 03 Sep 2021 08:52:03 +0000. Up 20.81 seconds.
ci-info: no authorized SSH keys fingerprints found for user ubuntu.
<14>Sep  3 08:52:08 ec2: 
<14>Sep  3 08:52:08 ec2: #############################################################
<14>Sep  3 08:52:08 ec2: -----BEGIN SSH HOST KEY FINGERPRINTS-----
<14>Sep  3 08:52:08 ec2: 1024 SHA256:TCrsp1GNiQj5N7qjAJoG04cTTtgim4DdAaDC78SHx8Q root@ubuntu-xenial (DSA)
<14>Sep  3 08:52:08 ec2: 256 SHA256:09R3N6hMyZeEj21GVfCMh/sIPrzKZ7UjdtyrqsbMZdE root@ubuntu-xenial (ECDSA)
<14>Sep  3 08:52:08 ec2: 256 SHA256:DS6ZkX7OhGFWyptvSk2Tx20SKuhmR66uHv5H6dqnGWI root@ubuntu-xenial (ED25519)
<14>Sep  3 08:52:08 ec2: 2048 SHA256:SUMuxz6oyyxlvKRAUjx4Qda9Khb7shVO9CKdnWXMBU8 root@ubuntu-xenial (RSA)
<14>Sep  3 08:52:08 ec2: -----END SSH HOST KEY FINGERPRINTS-----
<14>Sep  3 08:52:08 ec2: #############################################################
-----BEGIN SSH HOST KEY KEYS-----
ecdsa-sha2-nistp256 AAAAE2VjZHNhLXNoYTItbmlzdHAyNTYAAAAIbmlzdHAyNTYAAABBBEiEyyz8YlAAfqt2l4OU91I+o1Y7RCLiC2CxIIuCMX8NqxLh6ZT+uHMeuD+NZFc8svg5mDhP1qRwlJcHvOb3g74= root@ubuntu-xenial
ssh-ed25519 AAAAC3NzaC1lZDI1NTE5AAAAIL17WJWdfwUjZkzRebCfyF+UDmH2Bdt/R66CPpKj08DD root@ubuntu-xenial
ssh-rsa AAAAB3NzaC1yc2EAAAADAQABAAABAQDDyv+Q+2XRCsf1MnBi8yPQ6tAnJUC6d/VZ+3grrLzpiWDehwAxNb29UQ4bfVEpR9K+06xRXunLW2a2WlyFz5YV7W7grc8IlP50sh3n3kdSFQgUqAHpATkUXTu6SbzWGNRz/HXO2PHCQJXtz8iEzNPZheRDIHf4NwOdi4jWE2ziRZsDDhjvEvLCUqVvdmwyvR3ToJoxkc9cQHi7+vyudRJrJbfD6CWESwF1nturdrSc7/T722YYfLi/hdH7PsFp+y6+p1z/wMP0REOCh75nffenJf6gyOVv3DFr4e5gHFQ/5OVvZoNFytiXwohvIheIL41nWSbFKTzFNapQtwkYzV0L root@ubuntu-xenial
-----END SSH HOST KEY KEYS-----
[   25.401667] cloud-init[1859]: Cloud-init v. 21.1-19-gbad84ad4-0ubuntu1~16.04.2 running 'modules:final' at Fri, 03 Sep 2021 08:52:07 +0000. Up 25.00 seconds.
[   25.404184] cloud-init[1859]: ci-info: no authorized SSH keys fingerprints found for user ubuntu.
[   25.405930] cloud-init[1859]: Cloud-init v. 21.1-19-gbad84ad4-0ubuntu1~16.04.2 finished at Fri, 03 Sep 2021 08:52:08 +0000. Datasource DataSourceNoCloud [seed=/dev/sdb][dsmode=net].  Up 25.38 seconds
