[    0.000000] Initializing cgroup subsys cpuset
[    0.000000] Initializing cgroup subsys cpu
[    0.000000] Initializing cgroup subsys cpuacct
[    0.000000] Linux version 4.4.0-210-generic (buildd@lgw01-amd64-009) (gcc version 5.4.0 20160609 (Ubuntu 5.4.0-6ubuntu1~16.04.12) ) #242-Ubuntu SMP Fri Apr 16 09:57:56 UTC 2021 (Ubuntu 4.4.0-210.242-generic 4.4.262)
[    0.000000] Command line: BOOT_IMAGE=/boot/vmlinuz-4.4.0-210-generic root=LABEL=cloudimg-rootfs ro console=tty1 console=ttyS0
[    0.000000] KERNEL supported cpus:
[    0.000000]   Intel GenuineIntel
[    0.000000]   AMD AuthenticAMD
[    0.000000]   Centaur CentaurHauls
[    0.000000] x86/fpu: xstate_offset[2]:  576, xstate_sizes[2]:  256
[    0.000000] x86/fpu: Supporting XSAVE feature 0x01: 'x87 floating point registers'
[    0.000000] x86/fpu: Supporting XSAVE feature 0x02: 'SSE registers'
[    0.000000] x86/fpu: Supporting XSAVE feature 0x04: 'AVX registers'
[    0.000000] x86/fpu: Enabled xstate features 0x7, context size is 832 bytes, using 'standard' format.
[    0.000000] e820: BIOS-provided physical RAM map:
[    0.000000] BIOS-e820: [mem 0x0000000000000000-0x000000000009fbff] usable
[    0.000000] BIOS-e820: [mem 0x000000000009fc00-0x000000000009ffff] reserved
[    0.000000] BIOS-e820: [mem 0x00000000000f0000-0x00000000000fffff] reserved
[    0.000000] BIOS-e820: [mem 0x0000000000100000-0x00000000bffeffff] usable
[    0.000000] BIOS-e820: [mem 0x00000000bfff0000-0x00000000bfffffff] ACPI data
[    0.000000] BIOS-e820: [mem 0x00000000fec00000-0x00000000fec00fff] reserved
[    0.000000] BIOS-e820: [mem 0x00000000fee00000-0x00000000fee00fff] reserved
[    0.000000] BIOS-e820: [mem 0x00000000fffc0000-0x00000000ffffffff] reserved
[    0.000000] NX (Execute Disable) protection: active
[    0.000000] SMBIOS 2.5 present.
[    0.000000] Hypervisor detected: KVM
[    0.000000] e820: last_pfn = 0xbfff0 max_arch_pfn = 0x400000000
[    0.000000] MTRR: Disabled
[    0.000000] x86/PAT: MTRRs disabled, skipping PAT initialization too.
[    0.000000] CPU MTRRs all blank - virtualized system.
[    0.000000] x86/PAT: Configuration [0-7]: WB  WT  UC- UC  WB  WT  UC- UC  
[    0.000000] found SMP MP-table at [mem 0x0009fff0-0x0009ffff] mapped at [ffff88000009fff0]
[    0.000000] Scanning 1 areas for low memory corruption
[    0.000000] RAMDISK: [mem 0x362dc000-0x37165fff]
[    0.000000] ACPI: Early table checksum verification disabled
[    0.000000] ACPI: RSDP 0x00000000000E0000 000024 (v02 VBOX  )
[    0.000000] ACPI: XSDT 0x00000000BFFF0030 00003C (v01 VBOX   VBOXXSDT 00000001 ASL  00000061)
[    0.000000] ACPI: FACP 0x00000000BFFF00F0 0000F4 (v04 VBOX   VBOXFACP 00000001 ASL  00000061)
[    0.000000] ACPI: DSDT 0x00000000BFFF0470 002325 (v02 VBOX   VBOXBIOS 00000002 INTL 20190509)
[    0.000000] ACPI: FACS 0x00000000BFFF0200 000040
[    0.000000] ACPI: FACS 0x00000000BFFF0200 000040
[    0.000000] ACPI: APIC 0x00000000BFFF0240 00005C (v02 VBOX   VBOXAPIC 00000001 ASL  00000061)
[    0.000000] ACPI: SSDT 0x00000000BFFF02A0 0001CC (v01 VBOX   VBOXCPUT 00000002 INTL 20190509)
[    0.000000] No NUMA configuration found
[    0.000000] Faking a node at [mem 0x0000000000000000-0x00000000bffeffff]
[    0.000000] NODE_DATA(0) allocated [mem 0xbffeb000-0xbffeffff]
[    0.000000] kvm-clock: Using msrs 4b564d01 and 4b564d00
[    0.000000] kvm-clock: cpu 0, msr 0:bffe3001, primary cpu clock
[    0.000000] kvm-clock: using sched offset of 3509399686 cycles
[    0.000000] clocksource: kvm-clock: mask: 0xffffffffffffffff max_cycles: 0x1cd42e4dffb, max_idle_ns: 881590591483 ns
[    0.000000] Zone ranges:
[    0.000000]   DMA      [mem 0x0000000000001000-0x0000000000ffffff]
[    0.000000]   DMA32    [mem 0x0000000001000000-0x00000000bffeffff]
[    0.000000]   Normal   empty
[    0.000000]   Device   empty
[    0.000000] Movable zone start for each node
[    0.000000] Early memory node ranges
[    0.000000]   node   0: [mem 0x0000000000001000-0x000000000009efff]
[    0.000000]   node   0: [mem 0x0000000000100000-0x00000000bffeffff]
[    0.000000] Initmem setup node 0 [mem 0x0000000000001000-0x00000000bffeffff]
[    0.000000] ACPI: PM-Timer IO Port: 0x4008
[    0.000000] IOAPIC[0]: apic_id 2, version 32, address 0xfec00000, GSI 0-23
[    0.000000] ACPI: INT_SRC_OVR (bus 0 bus_irq 0 global_irq 2 dfl dfl)
[    0.000000] ACPI: INT_SRC_OVR (bus 0 bus_irq 9 global_irq 9 low level)
[    0.000000] Using ACPI (MADT) for SMP configuration information
[    0.000000] smpboot: Allowing 2 CPUs, 0 hotplug CPUs
[    0.000000] PM: Registered nosave memory: [mem 0x00000000-0x00000fff]
[    0.000000] PM: Registered nosave memory: [mem 0x0009f000-0x0009ffff]
[    0.000000] PM: Registered nosave memory: [mem 0x000a0000-0x000effff]
[    0.000000] PM: Registered nosave memory: [mem 0x000f0000-0x000fffff]
[    0.000000] e820: [mem 0xc0000000-0xfebfffff] available for PCI devices
[    0.000000] Booting paravirtualized kernel on KVM
[    0.000000] clocksource: refined-jiffies: mask: 0xffffffff max_cycles: 0xffffffff, max_idle_ns: 7645519600211568 ns
[    0.000000] setup_percpu: NR_CPUS:512 nr_cpumask_bits:512 nr_cpu_ids:2 nr_node_ids:1
[    0.000000] PERCPU: Embedded 33 pages/cpu @ffff8800bfa00000 s95192 r8192 d31784 u1048576
[    0.000000] Built 1 zonelists in Node order, mobility grouping on.  Total pages: 774008
[    0.000000] Policy zone: DMA32
[    0.000000] Kernel command line: BOOT_IMAGE=/boot/vmlinuz-4.4.0-210-generic root=LABEL=cloudimg-rootfs ro console=tty1 console=ttyS0
[    0.000000] PID hash table entries: 4096 (order: 3, 32768 bytes)
[    0.000000] Memory: 3062180K/3145272K available (8644K kernel code, 1332K rwdata, 4044K rodata, 1492K init, 1164K bss, 83092K reserved, 0K cma-reserved)
[    0.000000] SLUB: HWalign=64, Order=0-3, MinObjects=0, CPUs=2, Nodes=1
[    0.000000] Kernel/User page tables isolation: enabled
[    0.000000] Hierarchical RCU implementation.
[    0.000000] 	Build-time adjustment of leaf fanout to 64.
[    0.000000] 	RCU restricting CPUs from NR_CPUS=512 to nr_cpu_ids=2.
[    0.000000] RCU: Adjusting geometry for rcu_fanout_leaf=64, nr_cpu_ids=2
[    0.000000] NR_IRQS:33024 nr_irqs:440 16
[    0.000000] Console: colour VGA+ 80x25
[    0.000000] console [tty1] enabled
[    0.000000] console [ttyS0] enabled
[    0.000000] tsc: Detected 1992.019 MHz processor
[    0.107061] Calibrating delay loop (skipped) preset value.. 3984.03 BogoMIPS (lpj=7968076)
[    0.108183] pid_max: default: 32768 minimum: 301
[    0.108768] ACPI: Core revision 20150930
[    0.109944] ACPI: 2 ACPI AML tables successfully acquired and loaded
[    0.110900] Security Framework initialized
[    0.111487] Yama: becoming mindful.
[    0.111978] AppArmor: AppArmor initialized
[    0.113052] Dentry cache hash table entries: 524288 (order: 10, 4194304 bytes)
[    0.114826] Inode-cache hash table entries: 262144 (order: 9, 2097152 bytes)
[    0.115974] Mount-cache hash table entries: 8192 (order: 4, 65536 bytes)
[    0.116819] Mountpoint-cache hash table entries: 8192 (order: 4, 65536 bytes)
[    0.118172] Initializing cgroup subsys io
[    0.118727] Initializing cgroup subsys memory
[    0.119348] Initializing cgroup subsys devices
[    0.119926] Initializing cgroup subsys freezer
[    0.120493] Initializing cgroup subsys net_cls
[    0.121069] Initializing cgroup subsys perf_event
[    0.121661] Initializing cgroup subsys net_prio
[    0.122275] Initializing cgroup subsys hugetlb
[    0.122873] Initializing cgroup subsys pids
[    0.134567] mce: CPU supports 0 MCE banks
[    0.135109] Last level iTLB entries: 4KB 64, 2MB 8, 4MB 8
[    0.135761] Last level dTLB entries: 4KB 64, 2MB 0, 4MB 0, 1GB 4
[    0.136432] Spectre V1 : Mitigation: usercopy/swapgs barriers and __user pointer sanitization
[    0.137478] Spectre V2 : Mitigation: Full generic retpoline
[    0.138198] Spectre V2 : Spectre v2 / SpectreRSB mitigation: Filling RSB on context switch
[    0.139261] Speculative Store Bypass: Vulnerable
[    0.139819] SRBDS: Unknown: Dependent on hypervisor status
[    0.140527] MDS: Mitigation: Clear CPU buffers
[    0.143039] Freeing SMP alternatives memory: 36K
[    0.148168] ftrace: allocating 32380 entries in 127 pages
[    0.192007] smpboot: APIC(0) Converting physical 0 to logical package 0
[    0.193774] smpboot: Max logical packages: 1
[    0.194974] x2apic enabled
[    0.195528] Switched APIC routing to physical x2apic.
[    0.196955] ..TIMER: vector=0x30 apic1=0 pin1=2 apic2=-1 pin2=-1
[    0.305740] smpboot: CPU0: Intel(R) Core(TM) i7-8565U CPU @ 1.80GHz (family: 0x6, model: 0x8e, stepping: 0xb)
[    0.307125] Performance Events: unsupported p6 CPU model 142 no PMU driver, software events only.
[    0.316308] KVM setup paravirtual spinlock
[    0.317456] x86: Booting SMP configuration:
[    0.318041] .... node  #0, CPUs:      #1
[    0.318733] kvm-clock: cpu 1, msr 0:bffe3041, secondary cpu clock
[    0.330673] mce: CPU supports 0 MCE banks
[    0.333047] x86: Booted up 1 node, 2 CPUs
[    0.333686] smpboot: Total of 2 processors activated (7968.07 BogoMIPS)
[    0.334804] devtmpfs: initialized
[    0.336594] evm: security.selinux
[    0.337128] evm: security.SMACK64
[    0.337624] evm: security.SMACK64EXEC
[    0.338130] evm: security.SMACK64TRANSMUTE
[    0.338720] evm: security.SMACK64MMAP
[    0.339223] evm: security.ima
[    0.339621] evm: security.capability
[    0.340310] clocksource: jiffies: mask: 0xffffffff max_cycles: 0xffffffff, max_idle_ns: 7645041785100000 ns
[    0.341517] futex hash table entries: 512 (order: 3, 32768 bytes)
[    0.342456] pinctrl core: initialized pinctrl subsystem
[    0.343175] RTC time: 14:53:48, date: 09/04/21
[    0.344005] NET: Registered protocol family 16
[    0.353761] cpuidle: using governor ladder
[    0.365937] cpuidle: using governor menu
[    0.366586] PCCT header not found.
[    0.367202] ACPI: bus type PCI registered
[    0.367819] acpiphp: ACPI Hot Plug PCI Controller Driver version: 0.5
[    0.368731] PCI: Using configuration type 1 for base access
[    0.382828] ACPI: Added _OSI(Module Device)
[    0.383448] ACPI: Added _OSI(Processor Device)
[    0.384068] ACPI: Added _OSI(3.0 _SCP Extensions)
[    0.384764] ACPI: Added _OSI(Processor Aggregator Device)
[    0.386003] ACPI: Executed 1 blocks of module-level executable AML code
[    0.388411] ACPI: Interpreter enabled
[    0.388960] ACPI: (supports S0 S5)
[    0.389476] ACPI: Using IOAPIC for interrupt routing
[    0.390271] PCI: Using host bridge windows from ACPI; if necessary, use "pci=nocrs" and report a bug
[    0.394235] ACPI: PCI Root Bridge [PCI0] (domain 0000 [bus 00-ff])
[    0.395033] acpi PNP0A03:00: _OSC: OS supports [ASPM ClockPM Segments MSI]
[    0.396129] acpi PNP0A03:00: _OSC: not requesting OS control; OS requires [ExtendedConfig ASPM ClockPM MSI]
[    0.397452] acpi PNP0A03:00: fail to add MMCONFIG information, can't access extended PCI configuration space under this bridge.
[    0.399163] PCI host bridge to bus 0000:00
[    0.399749] pci_bus 0000:00: root bus resource [io  0x0000-0x0cf7 window]
[    0.400594] pci_bus 0000:00: root bus resource [io  0x0d00-0xffff window]
[    0.401449] pci_bus 0000:00: root bus resource [mem 0x000a0000-0x000bffff window]
[    0.402624] pci_bus 0000:00: root bus resource [mem 0xc0000000-0xfdffffff window]
[    0.403779] pci_bus 0000:00: root bus resource [bus 00-ff]
[    0.405641] pci 0000:00:01.1: legacy IDE quirk: reg 0x10: [io  0x01f0-0x01f7]
[    0.406599] pci 0000:00:01.1: legacy IDE quirk: reg 0x14: [io  0x03f6]
[    0.413977] pci 0000:00:01.1: legacy IDE quirk: reg 0x18: [io  0x0170-0x0177]
[    0.414801] pci 0000:00:01.1: legacy IDE quirk: reg 0x1c: [io  0x0376]
[    0.438328] pci 0000:00:07.0: quirk: [io  0x4000-0x403f] claimed by PIIX4 ACPI
[    0.439303] pci 0000:00:07.0: quirk: [io  0x4100-0x410f] claimed by PIIX4 SMB
[    0.453140] ACPI: PCI Interrupt Link [LNKA] (IRQs 5 9 10 *11)
[    0.454311] ACPI: PCI Interrupt Link [LNKB] (IRQs 5 9 *10 11)
[    0.455274] ACPI: PCI Interrupt Link [LNKC] (IRQs 5 *9 10 11)
[    0.456458] ACPI: PCI Interrupt Link [LNKD] (IRQs 5 9 10 *11)
[    0.457594] ACPI: Enabled 2 GPEs in block 00 to 07
[    0.458569] vgaarb: setting as boot device: PCI:0000:00:02.0
[    0.459242] vgaarb: device added: PCI:0000:00:02.0,decodes=io+mem,owns=io+mem,locks=none
[    0.460422] vgaarb: loaded
[    0.460983] vgaarb: bridge control possible 0000:00:02.0
[    0.461791] SCSI subsystem initialized
[    0.462536] ACPI: bus type USB registered
[    0.463095] usbcore: registered new interface driver usbfs
[    0.463819] usbcore: registered new interface driver hub
[    0.464544] usbcore: registered new device driver usb
[    0.465447] PCI: Using ACPI for IRQ routing
[    0.466372] NetLabel: Initializing
[    0.466887] NetLabel:  domain hash size = 128
[    0.467494] NetLabel:  protocols = UNLABELED CIPSOv4
[    0.468137] NetLabel:  unlabeled traffic allowed by default
[    0.469072] amd_nb: Cannot enumerate AMD northbridges
[    0.469908] clocksource: Switched to clocksource kvm-clock
[    0.475722] AppArmor: AppArmor Filesystem Enabled
[    0.476511] pnp: PnP ACPI init
[    0.477452] pnp: PnP ACPI: found 3 devices
[    0.485074] clocksource: acpi_pm: mask: 0xffffff max_cycles: 0xffffff, max_idle_ns: 2085701024 ns
[    0.486229] NET: Registered protocol family 2
[    0.487013] TCP established hash table entries: 32768 (order: 6, 262144 bytes)
[    0.487991] TCP bind hash table entries: 32768 (order: 7, 524288 bytes)
[    0.489306] TCP: Hash tables configured (established 32768 bind 32768)
[    0.490181] UDP hash table entries: 2048 (order: 4, 65536 bytes)
[    0.490882] UDP-Lite hash table entries: 2048 (order: 4, 65536 bytes)
[    0.491628] NET: Registered protocol family 1
[    0.492224] pci 0000:00:00.0: Limiting direct PCI/PCI transfers
[    0.492881] pci 0000:00:01.0: Activating ISA DMA hang workarounds
[    0.493688] Unpacking initramfs...
[    0.658275] Freeing initrd memory: 14888K
[    0.659019] clocksource: tsc: mask: 0xffffffffffffffff max_cycles: 0x396d76a1b43, max_idle_ns: 881590777219 ns
[    0.660257] platform rtc_cmos: registered platform RTC device (no PNP device found)
[    0.661359] Scanning for low memory corruption every 60 seconds
[    0.662508] audit: initializing netlink subsys (disabled)
[    0.663249] audit: type=2000 audit(1630767234.300:1): initialized
[    0.664173] Initialise system trusted keyring
[    0.664960] HugeTLB registered 2 MB page size, pre-allocated 0 pages
[    0.666961] zbud: loaded
[    0.667749] VFS: Disk quotas dquot_6.6.0
[    0.668392] VFS: Dquot-cache hash table entries: 512 (order 0, 4096 bytes)
[    0.669379] squashfs: version 4.0 (2009/01/31) Phillip Lougher
[    0.670358] fuse init (API version 7.23)
[    0.671023] Key type big_key registered
[    0.671558] Allocating IMA MOK and blacklist keyrings.
[    0.672810] Key type asymmetric registered
[    0.673450] Asymmetric key parser 'x509' registered
[    0.674199] Block layer SCSI generic (bsg) driver version 0.4 loaded (major 249)
[    0.675391] io scheduler noop registered
[    0.676163] io scheduler deadline registered (default)
[    0.676876] io scheduler cfq registered
[    0.677449] pci_hotplug: PCI Hot Plug PCI Core version: 0.5
[    0.678181] pciehp: PCI Express Hot Plug Controller Driver version: 0.4
[    0.679129] ACPI: AC Adapter [AC] (on-line)
[    0.679734] input: Power Button as /devices/LNXSYSTM:00/LNXPWRBN:00/input/input0
[    0.680701] ACPI: Power Button [PWRF]
[    0.681243] input: Sleep Button as /devices/LNXSYSTM:00/LNXSLPBN:00/input/input1
[    0.682361] ACPI: Sleep Button [SLPF]
[    0.683035] GHES: HEST is not enabled!
[    0.683538] ACPI: Battery Slot [BAT0] (battery present)
[    0.684415] Serial: 8250/16550 driver, 32 ports, IRQ sharing enabled
[    0.705621] 00:02: ttyS0 at I/O 0x3f8 (irq = 4, base_baud = 115200) is a 16550A
[    0.708459] Linux agpgart interface v0.103
[    0.710614] loop: module loaded
[    0.711468] scsi host0: ata_piix
[    0.712016] scsi host1: ata_piix
[    0.712501] ata1: PATA max UDMA/33 cmd 0x1f0 ctl 0x3f6 bmdma 0xd000 irq 14
[    0.713296] ata2: PATA max UDMA/33 cmd 0x170 ctl 0x376 bmdma 0xd008 irq 15
[    0.714346] libphy: Fixed MDIO Bus: probed
[    0.714940] tun: Universal TUN/TAP device driver, 1.6
[    0.715524] tun: (C) 1999-2004 Max Krasnyansky <maxk@qualcomm.com>
[    0.716287] PPP generic driver version 2.4.2
[    0.716930] ehci_hcd: USB 2.0 'Enhanced' Host Controller (EHCI) Driver
[    0.717740] ehci-pci: EHCI PCI platform driver
[    0.718402] ehci-platform: EHCI generic platform driver
[    0.719019] ohci_hcd: USB 1.1 'Open' Host Controller (OHCI) Driver
[    0.719703] ohci-pci: OHCI PCI platform driver
[    0.720247] ohci-platform: OHCI generic platform driver
[    0.720865] uhci_hcd: USB Universal Host Controller Interface driver
[    0.721603] i8042: PNP: PS/2 Controller [PNP0303:PS2K,PNP0f03:PS2M] at 0x60,0x64 irq 1,12
[    0.723049] serio: i8042 KBD port at 0x60,0x64 irq 1
[    0.723729] serio: i8042 AUX port at 0x60,0x64 irq 12
[    0.724517] mousedev: PS/2 mouse device common for all mice
[    0.725565] input: AT Translated Set 2 keyboard as /devices/platform/i8042/serio0/input/input2
[    0.727029] rtc_cmos rtc_cmos: rtc core: registered rtc_cmos as rtc0
[    0.727872] rtc_cmos rtc_cmos: alarms up to one day, 114 bytes nvram
[    0.728629] i2c /dev entries driver
[    0.729169] device-mapper: uevent: version 1.0.3
[    0.729907] device-mapper: ioctl: 4.34.0-ioctl (2015-10-28) initialised: dm-devel@redhat.com
[    0.731078] ledtrig-cpu: registered to indicate activity on CPUs
[    0.732099] NET: Registered protocol family 10
[    0.732930] NET: Registered protocol family 17
[    0.733581] Key type dns_resolver registered
[    0.734545] registered taskstats version 1
[    0.735108] Loading compiled-in X.509 certificates
[    0.736149] Loaded X.509 cert 'Build time autogenerated kernel key: cf00e047681d67edb2720680708b7d9498083038'
[    0.737367] zswap: loaded using pool lzo/zbud
[    0.739181] Key type trusted registered
[    0.742358] Key type encrypted registered
[    0.742917] AppArmor: AppArmor sha1 policy hashing enabled
[    0.743617] ima: No TPM chip found, activating TPM-bypass!
[    0.744303] ima: Allocated hash algorithm: sha1
[    0.744897] evm: HMAC attrs: 0x1
[    0.745580]   Magic number: 5:143:889
[    0.746213] rtc_cmos rtc_cmos: setting system clock to 2021-09-04 14:53:49 UTC (1630767229)
[    0.747487] BIOS EDD facility v0.16 2004-Jun-25, 0 devices found
[    0.748333] EDD information not available.
[    0.893994] Freeing unused kernel memory: 1492K
[    0.894674] Write protecting the kernel read-only data: 14336k
[    0.895757] Freeing unused kernel memory: 1584K
[    0.896456] Freeing unused kernel memory: 52K
Loading, please wait...
starting version 229
[    0.907161] random: systemd-udevd: uninitialized urandom read (16 bytes read, 3 bits of entropy available)
[    0.907633] random: udevadm: uninitialized urandom read (16 bytes read, 3 bits of entropy available)
[    0.907655] random: udevadm: uninitialized urandom read (16 bytes read, 3 bits of entropy available)
[    0.912887] random: systemd-udevd: uninitialized urandom read (16 bytes read, 3 bits of entropy available)
[    0.913639] random: udevadm: uninitialized urandom read (16 bytes read, 3 bits of entropy available)
[    0.913688] random: udevadm: uninitialized urandom read (16 bytes read, 3 bits of entropy available)
[    0.913786] random: udevadm: uninitialized urandom read (16 bytes read, 3 bits of entropy available)
[    0.913841] random: udevadm: uninitialized urandom read (16 bytes read, 3 bits of entropy available)
[    0.913882] random: udevadm: uninitialized urandom read (16 bytes read, 3 bits of entropy available)
[    0.913924] random: udevadm: uninitialized urandom read (16 bytes read, 3 bits of entropy available)
[    0.953651] e1000: Intel(R) PRO/1000 Network Driver - version 7.3.21-k8-NAPI
[    0.954716] e1000: Copyright (c) 1999-2006 Intel Corporation.
[    0.956893] Fusion MPT base driver 3.04.20
[    0.957425] Copyright (c) 1999-2008 LSI Corporation
[    0.965103] Fusion MPT SPI Host driver 3.04.20
[    0.972480] AVX2 version of gcm_enc/dec engaged.
[    0.973358] AES CTR mode by8 optimization enabled
[    1.178900] input: ImExPS/2 Generic Explorer Mouse as /devices/platform/i8042/serio1/input/input4
[    1.511628] e1000 0000:00:03.0 eth0: (PCI:33MHz:32-bit) 02:a0:46:b5:71:eb
[    1.513842] e1000 0000:00:03.0 eth0: Intel(R) PRO/1000 Network Connection
[    1.517616] mptbase: ioc0: Initiating bringup
[    2.938165] ioc0: LSI53C1030 A0: Capabilities={Initiator}
[    6.292730] scsi host2: ioc0: LSI53C1030 A0, FwRev=00000000h, Ports=1, MaxQ=256, IRQ=20
[    8.658642] scsi 2:0:0:0: Direct-Access     VBOX     HARDDISK         1.0  PQ: 0 ANSI: 5
[    8.660899] scsi target2:0:0: Beginning Domain Validation
[    8.663067] scsi target2:0:0: Domain Validation skipping write tests
[    8.664526] scsi target2:0:0: Ending Domain Validation
[    8.667275] scsi target2:0:0: asynchronous
[    8.668753] scsi 2:0:1:0: Direct-Access     VBOX     HARDDISK         1.0  PQ: 0 ANSI: 5
[    8.670830] scsi target2:0:1: Beginning Domain Validation
[    8.672969] scsi target2:0:1: Domain Validation skipping write tests
[    8.687215] scsi target2:0:1: Ending Domain Validation
[    8.688469] scsi target2:0:1: asynchronous
[    8.693777] sd 2:0:0:0: [sda] 83886080 512-byte logical blocks: (42.9 GB/40.0 GiB)
[    8.694237] sd 2:0:0:0: Attached scsi generic sg0 type 0
[    8.696668] sd 2:0:0:0: [sda] Write Protect is off
[    8.697986] sd 2:0:1:0: [sdb] 20480 512-byte logical blocks: (10.5 MB/10.0 MiB)
[    8.698019] sd 2:0:1:0: Attached scsi generic sg1 type 0
[    8.700525] sd 2:0:0:0: [sda] Incomplete mode parameter data
[    8.701587] sd 2:0:0:0: [sda] Assuming drive cache: write through
[    8.703046] sd 2:0:1:0: [sdb] Write Protect is off
[    8.703970] sd 2:0:1:0: [sdb] Incomplete mode parameter data
[    8.704915] sd 2:0:1:0: [sdb] Assuming drive cache: write through
[    8.706336]  sda: sda1
[    8.707340] sd 2:0:0:0: [sda] Attached SCSI disk
[    8.744948] sd 2:0:1:0: [sdb] Attached SCSI disk
[    9.672052] e1000 0000:00:08.0 eth1: (PCI:33MHz:32-bit) 08:00:27:c0:1c:0b
[    9.673361] e1000 0000:00:08.0 eth1: Intel(R) PRO/1000 Network Connection
[    9.675699] e1000 0000:00:08.0 enp0s8: renamed from eth1
[    9.686865] e1000 0000:00:03.0 enp0s3: renamed from eth0
Begin: Loading essential drivers ... [   10.987498] md: linear personality registered for level -1
[   10.990273] md: multipath personality registered for level -4
[   10.993754] md: raid0 personality registered for level 0
[   10.997424] md: raid1 personality registered for level 1
[   11.065961] raid6: sse2x1   gen() 11028 MB/s
[   11.133984] raid6: sse2x1   xor()  7906 MB/s
[   11.201936] raid6: sse2x2   gen() 13081 MB/s
[   11.269932] raid6: sse2x2   xor()  9387 MB/s
[   11.337938] raid6: sse2x4   gen() 17610 MB/s
[   11.405960] raid6: sse2x4   xor() 11477 MB/s
[   11.473925] raid6: avx2x1   gen() 21067 MB/s
[   11.541956] raid6: avx2x2   gen() 27879 MB/s
[   11.609943] raid6: avx2x4   gen() 30609 MB/s
[   11.610863] raid6: using algorithm avx2x4 gen() 30609 MB/s
[   11.611945] raid6: using avx2x2 recovery algorithm
[   11.614384] xor: automatically using best checksumming function:
[   11.690546]    avx       : 108831.000 MB/sec
[   11.691816] async_tx: api initialized (async)
[   11.697514] md: raid6 personality registered for level 6
[   11.698289] md: raid5 personality registered for level 5
[   11.698971] md: raid4 personality registered for level 4
[   11.703641] md: raid10 personality registered for level 10
done.
Begin: Running /scripts/init-premount ... done.
Begin: Mounting root file system ... Begin: Running /scripts/local-top ... done.
Begin: Running /scripts/local-premount ... [   11.724199] Btrfs loaded
Scanning for Btrfs filesystems
done.
Warning: fsck not present, so skipping root file system
[   11.765657] EXT4-fs (sda1): mounted filesystem with ordered data mode. Opts: (null)
done.
Begin: Running /scripts/local-bottom ... done.
Begin: Running /scripts/init-bottom ... done.
[   12.118015] systemd[1]: systemd 229 running in system mode. (+PAM +AUDIT +SELINUX +IMA +APPARMOR +SMACK +SYSVINIT +UTMP +LIBCRYPTSETUP +GCRYPT +GNUTLS +ACL +XZ -LZ4 +SECCOMP +BLKID +ELFUTILS +KMOD -IDN)
[   12.121286] systemd[1]: Detected virtualization oracle.
[   12.122335] systemd[1]: Detected architecture x86-64.

Welcome to [1mUbuntu 16.04.7 LTS[0m!

[   12.140582] systemd[1]: Set hostname to <ubuntu>.
[   12.149347] systemd[1]: Initializing machine ID from random generator.
[   12.150301] systemd[1]: Installed transient /etc/machine-id file.
[   12.444161] random: nonblocking pool is initialized
[   12.497213] systemd[1]: Listening on Journal Socket.
[[0;32m  OK  [0m] Listening on Journal Socket.
[   12.498501] systemd[1]: Listening on Syslog Socket.
[[0;32m  OK  [0m] Listening on Syslog Socket.
[   12.499668] systemd[1]: Listening on udev Kernel Socket.
[[0;32m  OK  [0m] Listening on udev Kernel Socket.
[   12.500854] systemd[1]: Reached target User and Group Name Lookups.
[[0;32m  OK  [0m] Reached target User and Group Name Lookups.
[   12.502165] systemd[1]: Reached target System Time Synchronized.
[[0;32m  OK  [0m] Reached target System Time Synchronized.
[   12.503421] systemd[1]: Listening on Device-mapper event daemon FIFOs.
[[0;32m  OK  [0m] Listening on Device-mapper event daemon FIFOs.
[   12.504802] systemd[1]: Reached target Swap.
[[0;32m  OK  [0m] Reached target Swap.
[   12.506042] systemd[1]: Created slice User and Session Slice.
[[0;32m  OK  [0m] Created slice User and Session Slice.
[   12.507579] systemd[1]: Created slice System Slice.
[[0;32m  OK  [0m] Created slice System Slice.
[   12.518419] systemd[1]: Starting Nameserver information manager...
         Starting Nameserver information manager...
[   12.527938] systemd[1]: Mounting Huge Pages File System...
         Mounting Huge Pages File System...
[   12.535830] systemd[1]: Starting Create list of required static device nodes for the current kernel...
         Starting Create list of required st... nodes for the current kernel...
[   12.542607] systemd[1]: Starting Uncomplicated firewall...
         Starting Uncomplicated firewall...
[   12.546429] systemd[1]: Starting Set console keymap...
         Starting Set console keymap...
[   12.548643] systemd[1]: Listening on Journal Socket (/dev/log).
[[0;32m  OK  [0m] Listening on Journal Socket (/dev/log).
[   12.551641] systemd[1]: Mounting Debug File System...
         Mounting Debug File System...
[   12.553632] systemd[1]: Started Trigger resolvconf update for networkd DNS.
[[0;32m  OK  [0m] Started Trigger resolvconf update for networkd DNS.
[   12.555856] systemd[1]: Listening on LVM2 metadata daemon socket.
[[0;32m  OK  [0m] Listening on LVM2 metadata daemon socket.
[   12.558301] systemd[1]: Starting Monitoring of LVM2 mirrors, snapshots etc. using dmeventd or progress polling...
         Starting Monitoring of LVM2 mirrors... dmeventd or progress polling...
[   12.561052] systemd[1]: Started Forward Password Requests to Wall Directory Watch.
[[0;32m  OK  [0m] Started Forward Password Requests to Wall Directory Watch.
[   12.563355] systemd[1]: Listening on /dev/initctl Compatibility Named Pipe.
[[0;32m  OK  [0m] Listening on /dev/initctl Compatibility Named Pipe.
[   12.565471] systemd[1]: Mounting POSIX Message Queue File System...
         Mounting POSIX Message Queue File System...
[   12.567497] systemd[1]: Set up automount Arbitrary Executable File Formats File System Automount Point.
[[0;32m  OK  [0m] Set up automount Arbitrary Executab...ats File System Automount Point.
[   12.591462] systemd[1]: Listening on fsck to fsckd communication Socket.
[[0;32m  OK  [0m] Listening on fsck to fsckd communication Socket.
[   12.593059] systemd[1]: Reached target Encrypted Volumes.
[[0;32m  OK  [0m] Reached target Encrypted Volumes.
[   12.618050] systemd[1]: Starting Load Kernel Modules...
         Starting Load Kernel Modules...
[   12.619382] systemd[1]: Listening on Journal Audit Socket.
[[0;32m  OK  [0m] Listening on Journal Audit Socket.
[   12.621081] systemd[1]: Starting Journal Service...
         Starting Journal Service...
[   12.622414] systemd[1]: Created slice system-serial\x2dgetty.slice.
[[0;32m  OK  [0m] Created slice system-serial\x2dgetty.slice.
[   12.623681] systemd[1]: Reached target Slices.
[[0;32m  OK  [0m] Reached target Slices.
[   12.624782] systemd[1]: Listening on LVM2 poll daemon socket.
[[0;32m  OK  [0m] Listening on LVM2 poll daemon socket.
[   12.626299] systemd[1]: Starting File System Check on Root Device...
         Starting File System Check on Root Device...
[   12.627552] systemd[1]: Listening on udev Control Socket.
[[0;32m  OK  [0m] Listening on udev Control Socket.
[   12.629834] systemd[1]: Mounted POSIX Message Queue File System.
[[0;32m  OK  [0m] Mounted POSIX Message Queue File System.
[   12.631028] systemd[1]: Mounted Huge Pages File System.
[[0;32m  OK  [0m] Mounted Huge Pages File System.
[   12.638304] systemd[1]: Mounted Debug File System.
[[0;32m  OK  [0m] Mounted Debug File System.
[   12.644901] systemd[1]: Started Create list of required static device nodes for the current kernel.
[[0;32m  OK  [0m] Started Create list of required sta...ce nodes for the current kernel.
[   12.657130] systemd[1]: Started Uncomplicated firewall.
[[0;32m  OK  [0m] Started Uncomplicated firewall.
[   12.663332] systemd[1]: Starting Create Static Device Nodes in /dev...
         Starting Create Static Device Nodes in /dev...
[   12.674690] systemd[1]: Started File System Check Daemon to report status.
[[0;32m  OK  [0m] Started File System Check Daemon to report status.
[   12.678744] systemd[1]: Started Nameserver information manager.
[[0;32m  OK  [0m] Started Nameserver information manager.
[   12.691376] Loading iSCSI transport class v2.0-870.
[   12.696335] systemd[1]: Started Set console keymap.
[[0;32m  OK  [0m] Started Set console keymap.
[   12.763634] iscsi: registered transport (tcp)
[   12.831609] systemd[1]: Started Journal Service.
[[0;32m  OK  [0m] Started Journal Service.
[[0;32m  OK  [0m] Started LVM2 metadata daemon.
[[0;32m  OK  [0m] Started File System Check on Root Device.
         Starting Remount Root and Kernel File Systems...
[   12.959089] iscsi: registered transport (iser)
[   12.959706] EXT4-fs (sda1): re-mounted. Opts: (null)
[[0;32m  OK  [0m] Started Load Kernel Modules.
[[0;32m  OK  [0m] Started Remount Root and Kernel File Systems.
         Starting Load/Save Random Seed...
         Starting Flush Journal to Persistent Storage...
         Starting udev Coldplug all Devices...
         Mounting FUSE Control File System...
         Starting Apply Kernel Variables...
[[0;32m  OK  [0m] Mounted FUSE Control File System.
[[0;32m  OK  [0m] Started Load/Save Random Seed.
[   13.062493] systemd-journald[396]: Received request to flush runtime journal from PID 1
[[0;32m  OK  [0m] Started Flush Journal to Persistent Storage.
[[0;32m  OK  [0m] Started Create Static Device Nodes in /dev.
[[0;32m  OK  [0m] Started Apply Kernel Variables.
         Starting udev Kernel Device Manager...
[[0;32m  OK  [0m] Started udev Coldplug all Devices.
[[0;32m  OK  [0m] Started udev Kernel Device Manager.
[[0;32m  OK  [0m] Started Dispatch Password Requests to Console Directory Watch.
[[0;32m  OK  [0m] Started Monitoring of LVM2 mirrors,...ng dmeventd or progress polling.
[[0;32m  OK  [0m] Reached target Local File Systems (Pre).
[[0;32m  OK  [0m] Reached target Local File Systems.
         Starting LSB: AppArmor initialization...
         Starting Commit a transient machine-id on disk...
         Starting Tell Plymouth To Write Out Runtime Data...
         Starting Initial cloud-init job (pre-networking)...
         Starting Set console font and keymap...
         Starting Create Volatile Files and Directories...
[[0;32m  OK  [0m] Started Create Volatile Files and Directories.
         Starting Update UTMP about System Boot/Shutdown...
[[0;32m  OK  [0m] Started Commit a transient machine-id on disk.
[[0;32m  OK  [0m] Found device /dev/ttyS0.
[[0;32m  OK  [0m] Started Tell Plymouth To Write Out Runtime Data.
[[0;32m  OK  [0m] Started Update UTMP about System Boot/Shutdown.
[[0;32m  OK  [0m] Listening on Load/Save RF Kill Switch Status /dev/rfkill Watch.
[[0;32m  OK  [0m] Started Set console font and keymap.
[[0;32m  OK  [0m] Created slice system-getty.slice.
[[0;32m  OK  [0m] Started LSB: AppArmor initialization.
         Starting Load AppArmor profiles managed internally by snapd...
[[0;32m  OK  [0m] Started Load AppArmor profiles managed internally by snapd.
[   16.876701] cloud-init[497]: Cloud-init v. 21.1-19-gbad84ad4-0ubuntu1~16.04.2 running 'init-local' at Sat, 04 Sep 2021 14:54:05 +0000. Up 16.58 seconds.
[[0;32m  OK  [0m] Started Initial cloud-init job (pre-networking).
[[0;32m  OK  [0m] Reached target Network (Pre).
         Starting Raise network interfaces...
[[0;32m  OK  [0m] Started Raise network interfaces.
         Starting Initial cloud-init job (metadata service crawler)...
[[0;32m  OK  [0m] Reached target Network.
[   18.341202] cloud-init[968]: Cloud-init v. 21.1-19-gbad84ad4-0ubuntu1~16.04.2 running 'init' at Sat, 04 Sep 2021 14:54:06 +0000. Up 17.47 seconds.
[   18.342354] cloud-init[968]: ci-info: ++++++++++++++++++++++++++++++++++++++Net device info+++++++++++++++++++++++++++++++++++++++
[   18.343815] cloud-init[968]: ci-info: +--------+-------+----------------------------+---------------+--------+-------------------+
[   18.345643] cloud-init[968]: ci-info: | Device |   Up  |          Address           |      Mask     | Scope  |     Hw-Address    |
[   18.347613] cloud-init[968]: ci-info: +--------+-------+----------------------------+---------------+--------+-------------------+
[   18.349225] cloud-init[968]: ci-info: | enp0s3 |  True |         10.0.2.15          | 255.255.255.0 | global | 02:a0:46:b5:71:eb |
[   18.350355] cloud-init[968]: ci-info: | enp0s3 |  True | fe80::a0:46ff:feb5:71eb/64 |       .       |  link  | 02:a0:46:b5:71:eb |
[   18.351431] cloud-init[968]: ci-info: | enp0s8 | False |             .              |       .       |   .    | 08:00:27:c0:1c:0b |
[   18.352664] cloud-init[968]: ci-info: |   lo   |  True |         127.0.0.1          |   255.0.0.0   |  host  |         .         |
[   18.353770] cloud-init[968]: ci-info: |   lo   |  True |          ::1/128           |       .       |  host  |         .         |
[   18.354688] cloud-init[968]: ci-info: +--------+-------+----------------------------+---------------+--------+-------------------+
[   18.355588] cloud-init[968]: ci-info: +++++++++++++++++++++++++++Route IPv4 info++++++++++++++++++++++++++++
[   18.356400] cloud-init[968]: ci-info: +-------+-------------+----------+---------------+-----------+-------+
[   18.357440] cloud-init[968]: ci-info: | Route | Destination | Gateway  |    Genmask    | Interface | Flags |
[   18.358793] cloud-init[968]: ci-info: +-------+-------------+----------+---------------+-----------+-------+
[   18.359660] cloud-init[968]: ci-info: |   0   |   0.0.0.0   | 10.0.2.2 |    0.0.0.0    |   enp0s3  |   UG  |
[   18.360611] cloud-init[968]: ci-info: |   1   |   10.0.2.0  | 0.0.0.0  | 255.255.255.0 |   enp0s3  |   U   |
[   18.361762] cloud-init[968]: ci-info: +-------+-------------+----------+---------------+-----------+-------+
[   18.362567] cloud-init[968]: ci-info: +++++++++++++++++++Route IPv6 info+++++++++++++++++++
[   18.363420] cloud-init[968]: ci-info: +-------+-------------+---------+-----------+-------+
[   18.364612] cloud-init[968]: ci-info: | Route | Destination | Gateway | Interface | Flags |
[   18.365491] cloud-init[968]: ci-info: +-------+-------------+---------+-----------+-------+
[   18.366162] cloud-init[968]: ci-info: |   0   |  fe80::/64  |    ::   |   enp0s3  |   U   |
[   18.366895] cloud-init[968]: ci-info: |   3   |   ff00::/8  |    ::   |   enp0s3  |   U   |
[   18.367700] cloud-init[968]: ci-info: +-------+-------------+---------+-----------+-------+
[   18.368827] cloud-init[968]: Generating public/private rsa key pair.
[   18.369595] cloud-init[968]: Your identification has been saved in /etc/ssh/ssh_host_rsa_key.
[   18.370413] cloud-init[968]: Your public key has been saved in /etc/ssh/ssh_host_rsa_key.pub.
[   18.371234] cloud-init[968]: The key fingerprint is:
[   18.371763] cloud-init[968]: SHA256:REOiRndZABWWY81Cil7EH4L2+xoLVyDt5QkJMDkGahI root@ubuntu-xenial
[   18.372501] cloud-init[968]: The key's randomart image is:
[   18.372945] cloud-init[968]: +---[RSA 2048]----+
[   18.373456] cloud-init[968]: |E.oooo==@O.      |
[   18.373906] cloud-init[968]: |..+ooBoBB.o      |
[   18.374353] cloud-init[968]: |oo o=.B+o+       |
[   18.374993] [[0;32m  OK  [0m] Started Initial cloud-init job (metadata service crawler).
cloud-init[968]: |o  o +.*..       |
[   18.376052] [cloud-init[0;32m  OK  [0m[968]: ] |    . ..S        |Reached target System Initialization.

[[0;32m  OK  [0m] Started Daily Cleanup of Temporary Directories.
[   18.376303]          Starting Socket activation for snappy daemon.
cloud-init[[968]: [0;32m  OK  [0m|      ..         |] 
Started Message of the Day.
[   18.378794] [[0;32m  OK  [0m] Started Ubuntu Advantage update messaging.
cloud-init[968]: |    . o.         |
[   18.379983] cloud-init[[0;32m  OK  [0m] Started ACPI Events Check.
[[0;32m  OK  [0m] Reached target Paths.
[[0;32m  OK  [0m] Listening on ACPID Listen Socket.
[[0;32m  OK  [0m] Started Daily apt download activities.
[[0;32m  OK  [0m] Started Daily apt upgrade and clean activities.
[[0;32m  OK  [0m] Reached target Timers.
[[0;32m  OK  [0m] Listening on D-Bus System Message Bus Socket.
[[0;32m  OK  [0m] Listening on UUID daemon activation socket.
[968]: |     o o.        |
[   18.383367] cloud-init[968]: |      o.         |
[   18.384067] cloud-init[968]: +----[SHA256]-----+
[   18.384689] cloud-init[968]: Generating public/private dsa key pair.
[   18.385388] cloud-init[968]: Your identification has been saved in /etc/ssh/ssh_host_dsa_key.
[   18.386221] cloud-init[968]: Your public key has been saved in /etc/ssh/ssh_host_dsa_key.pub.
[   18.386933] cloud-init[968]: The key fingerprint is:
[   18.387365] cloud-init[968]: SHA256:x0Yr8R6e1Rh6o+gv3ZJYWy0vP6aRkJM0zORdIoCm1v4 root@ubuntu-xenial
[   18.388103] cloud-init[968]: The key's randomart image is:
[   18.388767] cloud-init[968]: +---[DSA 1024]----+
[   18.389229] cloud-init[968]: |       ...o . .  |
[   18.389609] cloud-init[968]: |      o  = o o   |
[   18.389997] cloud-init[968]: |     +  . B o    |
[   18.390409] cloud-init[968]: |    o .  * * +   |
[   18.390996] cloud-init[968]: |   . .  S & =..  |
[   18.391542] cloud-init[968]: |      .  B.Ooo.  |
[   18.392095] cloud-init[968]: |       ..+==oo   |
[   18.392682] cloud-init[968]: |       .E = o.+  |
[   18.393149] cloud-init[968]: |        .o...=.. |
[   18.393964] cloud-init[968]: +----[SHA256]-----+
[   18.394608] cloud-init[968]: Generating public/private ecdsa key pair.
[   18.395384] cloud-init[968]: Your identification has been saved in /etc/ssh/ssh_host_ecdsa_key.
[   18.396405] cloud-init[968]: Your public key has been saved in /etc/ssh/ssh_host_ecdsa_key.pub.
[   18.397311] cloud-init[968]: The key fingerprint is:
[   18.398154] cloud-init[968]: SHA256:SxHP8mWUaZmy9x6XkBAOLU02c6ZglxR3JkCR5YT5I/c root@ubuntu-xenial
[   18.399097] cloud-init[968]: The key's randomart image is:
[   18.399803] cloud-init[968]: +---[ECDSA 256]---+
[   18.412379]          Starting LXD - unix socket.
[[0;32m  OK  [0m] Reached target Network is Online.
cloud-init[968]: |        .+*&%% o |
[   18.421484] cloud-init[968]: |        .=BX/ +  |
[   18.425880] cloud-init[968]: |        o +*=..  |
         Starting iSCSI initiator daemon (iscsid)...
[[0;32m  OK  [0m] Reached target Cloud-config availability.
[   18.429294] cloud-init[968]: |         +.+.*   |
[[0;32m  OK  [0m] Listening on Socket activation for snappy daemon.
[   18.435808] [[0;32m  OK  [0m] Listening on LXD - unix socket.
cloud-init[968]: |        S ..o.+ .|
[   18.439188] cloud-init[968]: |       . .    oE.|
[[0;32m  OK  [0m] Reached target Sockets.
[   18.441259] cloud-init[968]: |        .    . o |
[   18.442771] [[0;32m  OK  [0m] Reached target Basic System.
cloud-init[968]: |              .  |
[   18.446695]          Starting LXD - container startup/shutdown...
cloud-init[968]: [[0;32m  OK  [0m] Started Deferred execution scheduler.
|                 |
[   18.451914] cloud-init[968]: +----[SHA256]-----+         Starting Accounts Service...

[   18.455562] cloud-init[968]: Generating public/private ed25519 key pair.         Starting Virtualbox guest utils...

[[0;32m  OK  [0m] Started FUSE filesystem for LXC.
[   18.461814] cloud-init[968]: Your identification has been saved in /etc/ssh/ssh_host_ed25519_key.
[   18.467740] cloud-init[968]: Your public key has been saved in /etc/ssh/ssh_host_ed25519_key.pub.
[   18.471276] cloud-init         Starting Pollinate to seed the pseudo random number generator...
         Starting LSB: Record successful boot for GRUB...
[968]: The key fingerprint is:
[   18.480074] cloud-init[968]: SHA256:kdtp/Pb52h+87k5DYdH7lZDW8q0rO9Upl1bCkxsiUj0 root@ubuntu-xenial
[   18.482103] cloud-init[968]: The key's randomart image is:
[   18.483215] cloud-init[968]: +--[ED25519 256]--+
[   18.484462] cloud-init[968]: |           .  o..|
[   18.485338] cloud-init[968]: |         .. E= .o|
[   18.486767] cloud-init[968]: |        o.  .o+++|
[   18.488013] cloud-init[968]: |        .=... B+=|
[   18.489025] cloud-init[968]: |        S.=. . O*|
[   18.489996] cloud-init[968]: |         . . .*=o|
[   18.490994] cloud-init[968]: |            o.+* |
[   18.491964] cloud-init[968]: |           .o.oo+|
[   18.493005] cloud-init[968]: |            .+BB=|
[   18.493977] cloud-init[968]: +----[SHA256]-----+
         Starting Snap Daemon...
[[0;32m  OK  [0m] Started ACPI event daemon.
         Starting LSB: MD monitoring daemon...
         Starting /etc/rc.local Compatibility...
[[0;32m  OK  [0m] Started D-Bus System Message Bus.
         Starting Login Service...
[[0;32m  OK  [0m] Started Regular background program processing daemon.
         Starting System Logging Service...
[[0;32m  OK  [0m] Started /etc/rc.local Compatibility.
[[0;32m  OK  [0m] Started Login Service.
[[0;32m  OK  [0m] Started Unattended Upgrades Shutdown.
[[0;32m  OK  [0m] Started iSCSI initiator daemon (iscsid).
         Starting Login to default iSCSI targets...
[[0;32m  OK  [0m] Started LSB: MD monitoring daemon.
         Starting Authenticate and Authorize Users to Run Privileged Tasks...
[[0;32m  OK  [0m] Started LSB: Record successful boot for GRUB.
[[0;32m  OK  [0m] Started System Logging Service.
[[0;32m  OK  [0m] Started Login to default iSCSI targets.
[[0;32m  OK  [0m] Reached target Remote File Systems (Pre).
[[0;32m  OK  [0m] Reached target Remote File Systems.
         Starting Permit User Sessions...
         Starting LSB: automatic crash report generation...
         Starting LSB: Set the CPU Frequency Scaling governor to "ondemand"...
         Starting LSB: daemon to balance interrupts for SMP systems...
[[0;32m  OK  [0m] Started LSB: Set the CPU Frequency Scaling governor to "ondemand".
[[0;32m  OK  [0m] Started Permit User Sessions.
         Starting Hold until boot process finishes up...
         Starting Terminate Plymouth Boot Screen...
[[0;32m  OK  [0m] Started Hold until boot process finishes up.
         Starting Set console scheme...
[[0;32m  OK  [0m] Started Serial Getty on ttyS0.
[[0;32m  OK  [0m] Started Getty on tty1.
[[0;32m  OK  [0m] Reached target Login Prompts.
[[0;32m  OK  [0m] Started Terminate Plymouth Boot Screen.
[[0;32m  OK  [0m] Started LSB: automatic crash report generation.
[[0;32m  OK  [0m] Started Set console scheme.
[[0;32m  OK  [0m] Started Virtualbox guest utils.
[[0;32m  OK  [0m] Started LSB: daemon to balance interrupts for SMP systems.
[[0;32m  OK  [0m] Started Authenticate and Authorize Users to Run Privileged Tasks.
[[0;32m  OK  [0m] Started Accounts Service.
[[0;32m  OK  [0m] Started LXD - container startup/shutdown.
[[0;32m  OK  [0m] Started Snap Daemon.
         Starting Wait until snapd is fully seeded...
[[0;32m  OK  [0m] Started Pollinate to seed the pseudo random number generator.
         Starting OpenBSD Secure Shell server...
[[0;32m  OK  [0m] Started OpenBSD Secure Shell server.
[[0;32m  OK  [0m] Created slice User Slice of vagrant.
         Starting User Manager for UID 1000...
[[0;32m  OK  [0m] Started Session 1 of user vagrant.
[[0;32m  OK  [0m] Started User Manager for UID 1000.

Ubuntu 16.04.7 LTS node-1 ttyS0

node-1 login: [   27.583952] cloud-init[1653]: Generating locales (this might take a while)...
[   28.672124] cloud-init[1653]:   en_US.UTF-8... done
[   28.672623] cloud-init[1653]: Generation complete.
[   30.097500] cloud-init[1653]: Cloud-init v. 21.1-19-gbad84ad4-0ubuntu1~16.04.2 running 'modules:config' at Sat, 04 Sep 2021 14:54:16 +0000. Up 27.17 seconds.
ci-info: no authorized SSH keys fingerprints found for user ubuntu.
<14>Sep  4 14:54:19 ec2: 
<14>Sep  4 14:54:19 ec2: #############################################################
<14>Sep  4 14:54:19 ec2: -----BEGIN SSH HOST KEY FINGERPRINTS-----
<14>Sep  4 14:54:19 ec2: 1024 SHA256:x0Yr8R6e1Rh6o+gv3ZJYWy0vP6aRkJM0zORdIoCm1v4 root@ubuntu-xenial (DSA)
<14>Sep  4 14:54:19 ec2: 256 SHA256:SxHP8mWUaZmy9x6XkBAOLU02c6ZglxR3JkCR5YT5I/c root@ubuntu-xenial (ECDSA)
<14>Sep  4 14:54:19 ec2: 256 SHA256:kdtp/Pb52h+87k5DYdH7lZDW8q0rO9Upl1bCkxsiUj0 root@ubuntu-xenial (ED25519)
<14>Sep  4 14:54:19 ec2: 2048 SHA256:REOiRndZABWWY81Cil7EH4L2+xoLVyDt5QkJMDkGahI root@ubuntu-xenial (RSA)
<14>Sep  4 14:54:19 ec2: -----END SSH HOST KEY FINGERPRINTS-----
<14>Sep  4 14:54:19 ec2: #############################################################
-----BEGIN SSH HOST KEY KEYS-----
ecdsa-sha2-nistp256 AAAAE2VjZHNhLXNoYTItbmlzdHAyNTYAAAAIbmlzdHAyNTYAAABBBPrtw48gI9qGXFRBUvYzTavAs/LD2MEtn4sWAca1WU1/bnxK0ppbFOLLz0zBmQYGN3S/ZR6tl14SRf9Ep39vepo= root@ubuntu-xenial
ssh-ed25519 AAAAC3NzaC1lZDI1NTE5AAAAIHqEB00TFUsDDnHG+wR9e+y8bskMhyQKXe+4fiqXkHiU root@ubuntu-xenial
ssh-rsa AAAAB3NzaC1yc2EAAAADAQABAAABAQDqa90H8VAf2QOo4PRFrslKAwQtgDzAqx/MdVD6pQkd11Paq9wGVCNNXjSG4392ndaNUS/xTVoEHAbBZtbivzROPrROnjCDK114gWZYp5PzFNGFNHbGKiFnkDnnDrmTW9FRyfOURGvBxI0DNE9Tz8Wk+9ZJ3wXACDaksqvX6PTRfrI0KKCEVzIy1pDx+4BAqitt9uW1g/g1JIc1LYWiC4cOaKggathpekaBWPiaqZvWHxPmNkejaHOgXFXORz7hpaILHIP2KgurdFZ7p4Aq0tObRT0N1Ihq4QarusWkbbii4MQbyAdDDQqXLFhMRoRNQzpsQY4VgyHZ3brN2M0AUfMp root@ubuntu-xenial
-----END SSH HOST KEY KEYS-----
[   30.897948] cloud-init[1905]: Cloud-init v. 21.1-19-gbad84ad4-0ubuntu1~16.04.2 running 'modules:final' at Sat, 04 Sep 2021 14:54:19 +0000. Up 30.51 seconds.
[   30.900560] cloud-init[1905]: ci-info: no authorized SSH keys fingerprints found for user ubuntu.
[   30.902518] cloud-init[1905]: Cloud-init v. 21.1-19-gbad84ad4-0ubuntu1~16.04.2 finished at Sat, 04 Sep 2021 14:54:19 +0000. Datasource DataSourceNoCloud [seed=/dev/sdb][dsmode=net].  Up 30.88 seconds
